<?xml version="1.0" encoding="UTF-8"?>
<testsuite xmlns:xsi="http://www.w3.org/2001/XMLSchema-instance" xsi:noNamespaceSchemaLocation="https://maven.apache.org/surefire/maven-failsafe-plugin/xsd/failsafe-test-report-3.0.xsd" version="3.0" name="starter.CucumberTestSuite" time="32.054" tests="18" errors="2" skipped="0" failures="1">
  <properties>
[...]
</properties>
  <testcase name="Register using a valid full name, email and password" classname="Authentication" time="12.108">
    <system-out><![CDATA[12:03:50.023 [main] DEBUG net.thucydides.core.guice.Injectors - Created injector for module net.thucydides.core.guice.ThucydidesModule
12:03:51.094 [main] INFO io.cucumber.core.plugin.SerenityReporter - Running feature from file:///E:/mini%20peoject/RestAPi/src/test/resources/api/Authentication.feature
12:03:51.095 [main] WARN io.cucumber.core.plugin.SerenityReporter - Feature from file:///E:/mini%20peoject/RestAPi/src/test/resources/api/Authentication.feature is not under the 'features' directory. Requirements report will not be correctly generated!
12:03:51.523 [main] DEBUG net.thucydides.core.guice.Injectors - Created injector for module net.thucydides.core.guice.webdriver.WebDriverModule
12:03:51.563 [main] INFO  - 

-------------------------------------------------------------------------------------
     _______. _______ .______       _______ .__   __.  __  .___________.____    ____ 
    /       ||   ____||   _  \     |   ____||  \ |  | |  | |           |\   \  /   / 
   |   (----`|  |__   |  |_)  |    |  |__   |   \|  | |  | `---|  |----` \   \/   /  
    \   \    |   __|  |      /     |   __|  |  . `  | |  |     |  |       \_    _/   
.----)   |   |  |____ |  |\  \----.|  |____ |  |\   | |  |     |  |         |  |     
|_______/    |_______|| _| `._____||_______||__| \__| |__|     |__|         |__|    
                                                                                     
 News and tutorials at http://www.serenity-bdd.info                                  
 Documentation at https://wakaleo.gitbooks.io/the-serenity-book/content/             
 Join the Serenity Community on Gitter: https://gitter.im/serenity-bdd/serenity-core 
 Serenity BDD Support and Training at http://serenity-bdd.info/#/trainingandsupport  
-------------------------------------------------------------------------------------

12:03:51.570 [main] DEBUG net.thucydides.core.steps.StepEventBus - Test suite started for story net.thucydides.core.model.Story@ca9e30c4
12:03:51.599 [main] INFO  - Test Suite Started: Authentication
12:03:51.634 [main] INFO io.cucumber.core.plugin.SerenityReporter - Running feature from file:///E:/mini%20peoject/RestAPi/src/test/resources/api/Produk.feature
12:03:51.635 [main] WARN io.cucumber.core.plugin.SerenityReporter - Feature from file:///E:/mini%20peoject/RestAPi/src/test/resources/api/Produk.feature is not under the 'features' directory. Requirements report will not be correctly generated!
12:03:51.678 [main] DEBUG net.thucydides.core.steps.StepEventBus - Test suite started for story net.thucydides.core.model.Story@55ef6c0d
12:03:51.680 [main] INFO  - Test Suite Started: Products
12:03:51.681 [main] INFO io.cucumber.core.plugin.SerenityReporter - Running feature from file:///E:/mini%20peoject/RestAPi/src/test/resources/api/order.feature
12:03:51.681 [main] WARN io.cucumber.core.plugin.SerenityReporter - Feature from file:///E:/mini%20peoject/RestAPi/src/test/resources/api/order.feature is not under the 'features' directory. Requirements report will not be correctly generated!
12:03:51.695 [main] DEBUG net.thucydides.core.steps.StepEventBus - Test suite started for story net.thucydides.core.model.Story@f12b04ac
12:03:51.697 [main] INFO  - Test Suite Started: Order
12:03:51.698 [main] INFO io.cucumber.core.plugin.SerenityReporter - Running feature from file:///E:/mini%20peoject/RestAPi/src/test/resources/api/productcategory.feature
12:03:51.699 [main] WARN io.cucumber.core.plugin.SerenityReporter - Feature from file:///E:/mini%20peoject/RestAPi/src/test/resources/api/productcategory.feature is not under the 'features' directory. Requirements report will not be correctly generated!
12:03:51.712 [main] DEBUG net.thucydides.core.steps.StepEventBus - Test suite started for story net.thucydides.core.model.Story@ad8c0c9b
12:03:51.714 [main] INFO  - Test Suite Started: Category
12:03:51.715 [main] INFO io.cucumber.core.plugin.SerenityReporter - Running feature from file:///E:/mini%20peoject/RestAPi/src/test/resources/api/Authentication.feature
12:03:51.716 [main] WARN io.cucumber.core.plugin.SerenityReporter - Feature from file:///E:/mini%20peoject/RestAPi/src/test/resources/api/Authentication.feature is not under the 'features' directory. Requirements report will not be correctly generated!
12:03:51.724 [main] DEBUG net.thucydides.core.steps.StepEventBus - Test suite started for story net.thucydides.core.model.Story@ca9e30c4
12:03:51.725 [main] INFO  - Test Suite Started: Authentication

Scenario: Register using a valid full name, email and password                                                                           &amp#27;[90m# src/test/resources/api/Authentication.feature:3&amp#27;[0m
12:03:52.044 [main] INFO io.cucumber.core.plugin.SerenityReporter - Running feature from file:///E:/mini%20peoject/RestAPi/src/test/resources/api/Authentication.feature
12:03:52.044 [main] WARN io.cucumber.core.plugin.SerenityReporter - Feature from file:///E:/mini%20peoject/RestAPi/src/test/resources/api/Authentication.feature is not under the 'features' directory. Requirements report will not be correctly generated!
12:03:52.326 [main] INFO  - 
  _____   ___   ___   _____     ___   _____     _     ___   _____   ___   ___  
 |_   _| | __| / __| |_   _|   / __| |_   _|   /_\   | _ \ |_   _| | __| |   \ 
   | |   | _|  \__ \   | |     \__ \   | |    / _ \  |   /   | |   | _|  | |) |
   |_|   |___| |___/   |_|     |___/   |_|   /_/ \_\ |_|_\   |_|   |___| |___/ 

Register using a valid full name, email and password(authentication;register-using-a-valid-full-name--email-and-password)
--------------------------------------------------------------------------------
12:03:53.589 [main] DEBUG net.thucydides.core.steps.StepInterceptor - STARTING STEP: LoginSteps.iRegisterUsingTheCorrectData - I register using the correct data
12:03:53.593 [main] DEBUG net.thucydides.core.steps.StepInterceptor - STEP DONE: I register using the correct data
  &amp#27;[32mGiven &amp#27;[0m&amp#27;[32mI register using the correct data&amp#27;[0m                                                                                                &amp#27;[90m# starter.stepdefinitions.LoginSteps.iRegisterUsingTheCorrectData()&amp#27;[0m
12:03:53.626 [main] DEBUG net.thucydides.core.steps.StepInterceptor - STARTING STEP: LoginSteps.iSubmitAPOSTRequestToWithFullnameEmailAndPassword - I submit a POST request to {string} with fullname Gita Leoni Dwi Fripta, email Fripta21@gmail.com and password Fripta34
12:03:59.815 [main] DEBUG net.thucydides.core.steps.StepInterceptor - STARTING STEP: Register.POSTRequestToWithFullnameEmailAndPassword - I register using the correct data
12:03:59.816 [main] DEBUG net.thucydides.core.steps.StepInterceptor - STEP DONE: I register using the correct data
12:04:02.826 [main] DEBUG org.apache.http.impl.conn.BasicClientConnectionManager - Get connection for route {s}->https://altashop-api.fly.dev:443
12:04:02.869 [main] DEBUG org.apache.http.impl.conn.DefaultClientConnectionOperator - Connecting to altashop-api.fly.dev:443
12:04:03.517 [main] DEBUG org.apache.http.client.protocol.RequestAddCookies - CookieSpec selected: ignoreCookies
12:04:03.520 [main] DEBUG org.apache.http.client.protocol.RequestAuthCache - Auth cache not set in the context
12:04:03.521 [main] DEBUG org.apache.http.client.protocol.RequestTargetAuthentication - Target auth state: UNCHALLENGED
12:04:03.523 [main] DEBUG org.apache.http.client.protocol.RequestProxyAuthentication - Proxy auth state: UNCHALLENGED
12:04:03.526 [main] DEBUG org.apache.http.impl.client.DefaultHttpClient - Attempt 1 to execute request
12:04:03.526 [main] DEBUG org.apache.http.impl.conn.DefaultClientConnection - Sending request: POST /api/auth/register HTTP/1.1
12:04:03.527 [main] DEBUG org.apache.http.wire -  >> "POST /api/auth/register HTTP/1.1[\r][\n]"
12:04:03.529 [main] DEBUG org.apache.http.wire -  >> "Accept: */*[\r][\n]"
12:04:03.529 [main] DEBUG org.apache.http.wire -  >> "Content-Type: application/json[\r][\n]"
12:04:03.530 [main] DEBUG org.apache.http.wire -  >> "Content-Length: 79[\r][\n]"
12:04:03.530 [main] DEBUG org.apache.http.wire -  >> "Host: altashop-api.fly.dev[\r][\n]"
12:04:03.530 [main] DEBUG org.apache.http.wire -  >> "Connection: Keep-Alive[\r][\n]"
12:04:03.531 [main] DEBUG org.apache.http.wire -  >> "User-Agent: Apache-HttpClient/4.5.13 (Java/19.0.2)[\r][\n]"
12:04:03.531 [main] DEBUG org.apache.http.wire -  >> "Accept-Encoding: gzip,deflate[\r][\n]"
12:04:03.531 [main] DEBUG org.apache.http.wire -  >> "[\r][\n]"
12:04:03.532 [main] DEBUG org.apache.http.headers - >> POST /api/auth/register HTTP/1.1
12:04:03.532 [main] DEBUG org.apache.http.headers - >> Accept: */*
12:04:03.532 [main] DEBUG org.apache.http.headers - >> Content-Type: application/json
12:04:03.532 [main] DEBUG org.apache.http.headers - >> Content-Length: 79
12:04:03.533 [main] DEBUG org.apache.http.headers - >> Host: altashop-api.fly.dev
12:04:03.533 [main] DEBUG org.apache.http.headers - >> Connection: Keep-Alive
12:04:03.533 [main] DEBUG org.apache.http.headers - >> User-Agent: Apache-HttpClient/4.5.13 (Java/19.0.2)
12:04:03.533 [main] DEBUG org.apache.http.headers - >> Accept-Encoding: gzip,deflate
12:04:03.534 [main] DEBUG org.apache.http.wire -  >> "{"password":"testing123m","fullname":"testing123","email":"ffaaadce@gmail.com"}"
12:04:03.627 [main] DEBUG org.apache.http.wire -  << "HTTP/1.1 200 OK[\r][\n]"
12:04:03.629 [main] DEBUG org.apache.http.wire -  << "content-type: application/json[\r][\n]"
12:04:03.629 [main] DEBUG org.apache.http.wire -  << "date: Sun, 07 May 2023 05:04:04 GMT[\r][\n]"
12:04:03.630 [main] DEBUG org.apache.http.wire -  << "content-encoding: gzip[\r][\n]"
12:04:03.630 [main] DEBUG org.apache.http.wire -  << "transfer-encoding: chunked[\r][\n]"
12:04:03.630 [main] DEBUG org.apache.http.wire -  << "server: Fly/3f2597ca (2023-05-03)[\r][\n]"
12:04:03.630 [main] DEBUG org.apache.http.wire -  << "via: 1.1 fly.io[\r][\n]"
12:04:03.630 [main] DEBUG org.apache.http.wire -  << "fly-request-id: 01GZT9GX6F2AQNAKYD2TV87WC3-sin[\r][\n]"
12:04:03.630 [main] DEBUG org.apache.http.wire -  << "[\r][\n]"
12:04:03.631 [main] DEBUG org.apache.http.impl.conn.DefaultClientConnection - Receiving response: HTTP/1.1 200 OK
12:04:03.632 [main] DEBUG org.apache.http.headers - << HTTP/1.1 200 OK
12:04:03.632 [main] DEBUG org.apache.http.headers - << content-type: application/json
12:04:03.632 [main] DEBUG org.apache.http.headers - << date: Sun, 07 May 2023 05:04:04 GMT
12:04:03.632 [main] DEBUG org.apache.http.headers - << content-encoding: gzip
12:04:03.632 [main] DEBUG org.apache.http.headers - << transfer-encoding: chunked
12:04:03.632 [main] DEBUG org.apache.http.headers - << server: Fly/3f2597ca (2023-05-03)
12:04:03.632 [main] DEBUG org.apache.http.headers - << via: 1.1 fly.io
12:04:03.632 [main] DEBUG org.apache.http.headers - << fly-request-id: 01GZT9GX6F2AQNAKYD2TV87WC3-sin
12:04:03.640 [main] DEBUG org.apache.http.impl.client.DefaultHttpClient - Connection can be kept alive indefinitely
12:04:03.649 [main] DEBUG io.restassured.internal.RestAssuredHttpBuilder - Parsing response as: application/json
12:04:03.651 [main] DEBUG org.apache.http.wire -  << "6B[\r][\n]"
12:04:03.651 [main] DEBUG org.apache.http.wire -  << "[0x1f][0x8b][0x8][0x0][0x0][0x0][0x0][0x0][0x4][0xff][0xab]VJI,IT[0xb2][0xaa]V[0xf2]tQ[0xb2]22000[0xd7]Qr+[0xcd][0xc9][0xc9]K[0xcc]MU[0xb2]R*I-.[0xc9][0xcc]K742V[0xd2]Qr[0xcd]M[0xcc][0xcc]Q[0xb2]RJKKLLLINuH[0x7][0x9][0xe8]%[0xe7][0xe7]*[0xe9]([0x5]$[0x16][0x17][0x97][0xe7][0x17][0xa5][0xa0]h[0xca]U[0xaa][0xad][0xe5][0x2][0x0][0xa5][0x8d][0xa9]4d[0x0][0x0][0x0]"
12:04:03.651 [main] DEBUG org.apache.http.wire -  << "[\r][\n]"
12:04:03.652 [main] DEBUG org.apache.http.wire -  << "0[\r][\n]"
12:04:03.652 [main] DEBUG org.apache.http.wire -  << "[\r][\n]"
12:04:03.653 [main] DEBUG io.restassured.internal.RestAssuredHttpBuilder - Parsed data to instance of: class org.apache.http.conn.EofSensorInputStream
12:04:03.733 [main] DEBUG org.apache.http.impl.conn.BasicClientConnectionManager - Releasing connection org.apache.http.impl.conn.ManagedClientConnectionImpl@24de63b
12:04:03.733 [main] DEBUG org.apache.http.impl.conn.BasicClientConnectionManager - Connection can be kept alive indefinitely
12:04:03.742 [main] DEBUG net.thucydides.core.steps.StepInterceptor - STEP DONE: I submit a POST request to {string} with fullname Gita Leoni Dwi Fripta, email Fripta21@gmail.com and password Fripta34
  &amp#27;[32mWhen &amp#27;[0m&amp#27;[32mI submit a POST request to &amp#27;[0m&amp#27;[32m&amp#27;[1m"/auth/register"&amp#27;[0m&amp#27;[32m with fullname &amp#27;[0m&amp#27;[32m&amp#27;[1m"testing123"&amp#27;[0m&amp#27;[32m, email &amp#27;[0m&amp#27;[32m&amp#27;[1m"testing12388@gmail.com"&amp#27;[0m&amp#27;[32m and password &amp#27;[0m&amp#27;[32m&amp#27;[1m"testing123m"&amp#27;[0m &amp#27;[90m# starter.stepdefinitions.LoginSteps.iSubmitAPOSTRequestToWithFullnameEmailAndPassword(java.lang.String,java.lang.String,java.lang.String,java.lang.String)&amp#27;[0m
12:04:03.755 [main] DEBUG net.thucydides.core.steps.StepInterceptor - STARTING STEP: LoginSteps.iReceiveValidHTTPResponseCodeRegister - I receive valid HTTP response code register 200
12:04:03.812 [main] DEBUG net.thucydides.core.steps.StepInterceptor - STEP DONE: I receive valid HTTP response code register 200
  &amp#27;[32mThen &amp#27;[0m&amp#27;[32mI receive valid HTTP response code register &amp#27;[0m&amp#27;[32m&amp#27;[1m200&amp#27;[0m                                                                                   &amp#27;[90m# starter.stepdefinitions.LoginSteps.iReceiveValidHTTPResponseCodeRegister(int)&amp#27;[0m
12:04:03.821 [main] DEBUG net.thucydides.core.steps.StepInterceptor - STARTING STEP: LoginSteps.registerSuccessfully - register successfully
12:04:03.823 [main] DEBUG net.thucydides.core.steps.StepInterceptor - STEP DONE: register successfully
  &amp#27;[32mAnd &amp#27;[0m&amp#27;[32mregister successfully&amp#27;[0m                                                                                                              &amp#27;[90m# starter.stepdefinitions.LoginSteps.registerSuccessfully()&amp#27;[0m
12:04:03.832 [main] INFO  - 
  _____   ___   ___   _____     ___     _     ___   ___   ___   ___  
 |_   _| | __| / __| |_   _|   | _ \   /_\   / __| / __| | __| |   \ 
   | |   | _|  \__ \   | |     |  _/  / _ \  \__ \ \__ \ | _|  | |) |
   |_|   |___| |___/   |_|     |_|   /_/ \_\ |___/ |___/ |___| |___/ 

Register using a valid full name, email and password
----------------------------------------------------------------------
]]></system-out>
  </testcase>
  <testcase name="Login with registered or correct email and password" classname="Authentication" time="0.417">
    <system-out><![CDATA[
Scenario: Login with registered or correct email and password                                           &amp#27;[90m# src/test/resources/api/Authentication.feature:9&amp#27;[0m
12:04:03.931 [main] INFO io.cucumber.core.plugin.SerenityReporter - Running feature from file:///E:/mini%20peoject/RestAPi/src/test/resources/api/Authentication.feature
12:04:03.932 [main] WARN io.cucumber.core.plugin.SerenityReporter - Feature from file:///E:/mini%20peoject/RestAPi/src/test/resources/api/Authentication.feature is not under the 'features' directory. Requirements report will not be correctly generated!
12:04:03.946 [main] INFO  - 
  _____   ___   ___   _____     ___   _____     _     ___   _____   ___   ___  
 |_   _| | __| / __| |_   _|   / __| |_   _|   /_\   | _ \ |_   _| | __| |   \ 
   | |   | _|  \__ \   | |     \__ \   | |    / _ \  |   /   | |   | _|  | |) |
   |_|   |___| |___/   |_|     |___/   |_|   /_/ \_\ |_|_\   |_|   |___| |___/ 

Login with registered or correct email and password(authentication;login-with-registered-or-correct-email-and-password)
--------------------------------------------------------------------------------
12:04:04.012 [main] DEBUG net.thucydides.core.steps.StepInterceptor - STARTING STEP: LoginSteps.iHaveValidCredentials - I have valid credentials
12:04:04.013 [main] DEBUG net.thucydides.core.steps.StepInterceptor - STEP DONE: I have valid credentials
  &amp#27;[32mGiven &amp#27;[0m&amp#27;[32mI have valid credentials&amp#27;[0m                                                                        &amp#27;[90m# starter.stepdefinitions.LoginSteps.iHaveValidCredentials()&amp#27;[0m
12:04:04.031 [main] DEBUG net.thucydides.core.steps.StepInterceptor - STARTING STEP: LoginSteps.iSubmitAPOSTRequestToWithEmailAndPassword - I submit a POST request to {string} with email Fripta21@gmail.com and password Fripta34
12:04:04.037 [main] DEBUG net.thucydides.core.steps.StepInterceptor - STARTING STEP: Login.iSubmitAPOSTRequestToWithEmailAndPassword - I have valid credentials
12:04:04.038 [main] DEBUG net.thucydides.core.steps.StepInterceptor - STEP DONE: I have valid credentials
12:04:04.094 [main] DEBUG org.apache.http.impl.conn.BasicClientConnectionManager - Get connection for route {s}->https://altashop-api.fly.dev:443
12:04:04.095 [main] DEBUG org.apache.http.impl.conn.DefaultClientConnectionOperator - Connecting to altashop-api.fly.dev:443
12:04:04.191 [main] DEBUG org.apache.http.client.protocol.RequestAddCookies - CookieSpec selected: ignoreCookies
12:04:04.191 [main] DEBUG org.apache.http.client.protocol.RequestAuthCache - Auth cache not set in the context
12:04:04.192 [main] DEBUG org.apache.http.client.protocol.RequestTargetAuthentication - Target auth state: UNCHALLENGED
12:04:04.192 [main] DEBUG org.apache.http.client.protocol.RequestProxyAuthentication - Proxy auth state: UNCHALLENGED
12:04:04.192 [main] DEBUG org.apache.http.impl.client.DefaultHttpClient - Attempt 1 to execute request
12:04:04.192 [main] DEBUG org.apache.http.impl.conn.DefaultClientConnection - Sending request: POST /api/auth/login HTTP/1.1
12:04:04.192 [main] DEBUG org.apache.http.wire -  >> "POST /api/auth/login HTTP/1.1[\r][\n]"
12:04:04.193 [main] DEBUG org.apache.http.wire -  >> "Accept: */*[\r][\n]"
12:04:04.193 [main] DEBUG org.apache.http.wire -  >> "Content-Type: application/json[\r][\n]"
12:04:04.193 [main] DEBUG org.apache.http.wire -  >> "Content-Length: 53[\r][\n]"
12:04:04.193 [main] DEBUG org.apache.http.wire -  >> "Host: altashop-api.fly.dev[\r][\n]"
12:04:04.193 [main] DEBUG org.apache.http.wire -  >> "Connection: Keep-Alive[\r][\n]"
12:04:04.193 [main] DEBUG org.apache.http.wire -  >> "User-Agent: Apache-HttpClient/4.5.13 (Java/19.0.2)[\r][\n]"
12:04:04.194 [main] DEBUG org.apache.http.wire -  >> "Accept-Encoding: gzip,deflate[\r][\n]"
12:04:04.194 [main] DEBUG org.apache.http.wire -  >> "[\r][\n]"
12:04:04.194 [main] DEBUG org.apache.http.headers - >> POST /api/auth/login HTTP/1.1
12:04:04.194 [main] DEBUG org.apache.http.headers - >> Accept: */*
12:04:04.194 [main] DEBUG org.apache.http.headers - >> Content-Type: application/json
12:04:04.194 [main] DEBUG org.apache.http.headers - >> Content-Length: 53
12:04:04.194 [main] DEBUG org.apache.http.headers - >> Host: altashop-api.fly.dev
12:04:04.194 [main] DEBUG org.apache.http.headers - >> Connection: Keep-Alive
12:04:04.194 [main] DEBUG org.apache.http.headers - >> User-Agent: Apache-HttpClient/4.5.13 (Java/19.0.2)
12:04:04.194 [main] DEBUG org.apache.http.headers - >> Accept-Encoding: gzip,deflate
12:04:04.195 [main] DEBUG org.apache.http.wire -  >> "{"password":"gitale88","email":"gitalee21@gmail.com"}"
12:04:04.231 [main] DEBUG org.apache.http.wire -  << "HTTP/1.1 200 OK[\r][\n]"
12:04:04.231 [main] DEBUG org.apache.http.wire -  << "content-type: application/json[\r][\n]"
12:04:04.231 [main] DEBUG org.apache.http.wire -  << "date: Sun, 07 May 2023 05:04:05 GMT[\r][\n]"
12:04:04.232 [main] DEBUG org.apache.http.wire -  << "content-encoding: gzip[\r][\n]"
12:04:04.232 [main] DEBUG org.apache.http.wire -  << "transfer-encoding: chunked[\r][\n]"
12:04:04.232 [main] DEBUG org.apache.http.wire -  << "server: Fly/3f2597ca (2023-05-03)[\r][\n]"
12:04:04.232 [main] DEBUG org.apache.http.wire -  << "via: 1.1 fly.io[\r][\n]"
12:04:04.232 [main] DEBUG org.apache.http.wire -  << "fly-request-id: 01GZT9GXV2QZZVZADXDN3WAE1R-sin[\r][\n]"
12:04:04.232 [main] DEBUG org.apache.http.wire -  << "[\r][\n]"
12:04:04.232 [main] DEBUG org.apache.http.impl.conn.DefaultClientConnection - Receiving response: HTTP/1.1 200 OK
12:04:04.232 [main] DEBUG org.apache.http.headers - << HTTP/1.1 200 OK
12:04:04.233 [main] DEBUG org.apache.http.headers - << content-type: application/json
12:04:04.233 [main] DEBUG org.apache.http.headers - << date: Sun, 07 May 2023 05:04:05 GMT
12:04:04.233 [main] DEBUG org.apache.http.headers - << content-encoding: gzip
12:04:04.233 [main] DEBUG org.apache.http.headers - << transfer-encoding: chunked
12:04:04.233 [main] DEBUG org.apache.http.headers - << server: Fly/3f2597ca (2023-05-03)
12:04:04.233 [main] DEBUG org.apache.http.headers - << via: 1.1 fly.io
12:04:04.233 [main] DEBUG org.apache.http.headers - << fly-request-id: 01GZT9GXV2QZZVZADXDN3WAE1R-sin
12:04:04.234 [main] DEBUG org.apache.http.impl.client.DefaultHttpClient - Connection can be kept alive indefinitely
12:04:04.234 [main] DEBUG io.restassured.internal.RestAssuredHttpBuilder - Parsing response as: application/json
12:04:04.234 [main] DEBUG org.apache.http.wire -  << "BD[\r][\n]"
12:04:04.234 [main] DEBUG org.apache.http.wire -  << "[0x1f][0x8b][0x8][0x0][0x0][0x0][0x0][0x0][0x4][0xff][0xab]VJI,IT[0xb2]RJ[0xad][0xf4][0xca]HrO[0xce][0xf4][0xcf][0xf4][0xf2][0xc][0xad][0xf2]4[0xf4][0xcb][0xf4],[0xf6][0xcc][0xb]2Mv[0xf6]4[0xf3][0xcc].[0x88][0x8]s[0xf6][0xb2][0xd4]K[0xad][0xf4]rO[0x9][0xaf](N[0xca]u+[0x89][\n]"
12:04:04.234 [main] DEBUG org.apache.http.wire -  << "[0x6]I[0xa4][0x14][0xa4][0xb8][0xbb][0xa6][0x87][0xb8][0x87][0x95]%[0xe5]f[0xa7]Gy[0xa4][0x14]x[0xba]GU&F8f[0xfa]8{[0xb9]%[0x85][0xbb][0x15]$[0x81][0xc][0xc8][0x5][0xa9]s+[0x8e][\n]"
12:04:04.235 [main] DEBUG org.apache.http.wire -  << "[0xf][0xad][0xf4][\r]u[0xca][0x83][0x88][0x9b]f%[0x19][0x19]d[0xa6][0x5][0xea][0x85][0xb8][0x17][0x7][0x95]8[0x7][0x1b][0xc6][0x87][0x9b][0xa6][0x5][0xe6]W[0xf8]T[0x84][0x5][0xfb]f[0xb8]d[0xe7]E[0xc4][0x97][0xe6][0x7][0x85][0x95][0xc7][0x1b][0x94]D:[0xbb][0x17][0x1b][0x6][0x97][0x84][0xb9]*[0xd5]r[0x1][0x0]9([0x99]z[0xb3][0x0][0x0][0x0]"
12:04:04.235 [main] DEBUG org.apache.http.wire -  << "[\r][\n]"
12:04:04.235 [main] DEBUG org.apache.http.wire -  << "0[\r][\n]"
12:04:04.235 [main] DEBUG org.apache.http.wire -  << "[\r][\n]"
12:04:04.235 [main] DEBUG io.restassured.internal.RestAssuredHttpBuilder - Parsed data to instance of: class org.apache.http.conn.EofSensorInputStream
12:04:04.239 [main] DEBUG org.apache.http.impl.conn.BasicClientConnectionManager - Releasing connection org.apache.http.impl.conn.ManagedClientConnectionImpl@5e020dd1
12:04:04.239 [main] DEBUG org.apache.http.impl.conn.BasicClientConnectionManager - Connection can be kept alive indefinitely
12:04:04.241 [main] DEBUG net.thucydides.core.steps.StepInterceptor - STEP DONE: I submit a POST request to {string} with email Fripta21@gmail.com and password Fripta34
  &amp#27;[32mWhen &amp#27;[0m&amp#27;[32mI submit a POST request to &amp#27;[0m&amp#27;[32m&amp#27;[1m"/auth/login"&amp#27;[0m&amp#27;[32m with email &amp#27;[0m&amp#27;[32m&amp#27;[1m"Fripta21@gmail.com"&amp#27;[0m&amp#27;[32m and password &amp#27;[0m&amp#27;[32m&amp#27;[1m"Fripta34"&amp#27;[0m &amp#27;[90m# starter.stepdefinitions.LoginSteps.iSubmitAPOSTRequestToWithEmailAndPassword(java.lang.String,java.lang.String,java.lang.String)&amp#27;[0m
12:04:04.250 [main] DEBUG net.thucydides.core.steps.StepInterceptor - STARTING STEP: LoginSteps.iShouldGetAResponseCode - I receive valid HTTP response code Login 200
12:04:04.252 [main] DEBUG net.thucydides.core.steps.StepInterceptor - STEP DONE: I receive valid HTTP response code Login 200
  &amp#27;[32mThen &amp#27;[0m&amp#27;[32mI receive valid HTTP response code Login &amp#27;[0m&amp#27;[32m&amp#27;[1m200&amp#27;[0m                                                     &amp#27;[90m# starter.stepdefinitions.LoginSteps.iShouldGetAResponseCode(int)&amp#27;[0m
12:04:04.258 [main] INFO  - 
  _____   ___   ___   _____     ___     _     ___   ___   ___   ___  
 |_   _| | __| / __| |_   _|   | _ \   /_\   / __| / __| | __| |   \ 
   | |   | _|  \__ \   | |     |  _/  / _ \  \__ \ \__ \ | _|  | |) |
   |_|   |___| |___/   |_|     |_|   /_/ \_\ |___/ |___/ |___| |___/ 

Login with registered or correct email and password
----------------------------------------------------------------------
]]></system-out>
  </testcase>
  <testcase name="view user information" classname="Authentication" time="0.466">
    <system-out><![CDATA[
Scenario: view user information                                        &amp#27;[90m# src/test/resources/api/Authentication.feature:15&amp#27;[0m
12:04:04.316 [main] INFO io.cucumber.core.plugin.SerenityReporter - Running feature from file:///E:/mini%20peoject/RestAPi/src/test/resources/api/Authentication.feature
12:04:04.316 [main] WARN io.cucumber.core.plugin.SerenityReporter - Feature from file:///E:/mini%20peoject/RestAPi/src/test/resources/api/Authentication.feature is not under the 'features' directory. Requirements report will not be correctly generated!
12:04:04.358 [main] INFO  - 
  _____   ___   ___   _____     ___   _____     _     ___   _____   ___   ___  
 |_   _| | __| / __| |_   _|   / __| |_   _|   /_\   | _ \ |_   _| | __| |   \ 
   | |   | _|  \__ \   | |     \__ \   | |    / _ \  |   /   | |   | _|  | |) |
   |_|   |___| |___/   |_|     |___/   |_|   /_/ \_\ |_|_\   |_|   |___| |___/ 

view user information(authentication;view-user-information)
--------------------------------------------------------------------------------
12:04:04.408 [main] DEBUG net.thucydides.core.steps.StepInterceptor - STARTING STEP: LoginSteps.iSetGETEndpoints - I set GET endpoints
12:04:04.409 [main] DEBUG net.thucydides.core.steps.StepInterceptor - STEP DONE: I set GET endpoints
  &amp#27;[32mGiven &amp#27;[0m&amp#27;[32mI set GET endpoints&amp#27;[0m                                            &amp#27;[90m# starter.stepdefinitions.LoginSteps.iSetGETEndpoints()&amp#27;[0m
12:04:04.429 [main] DEBUG net.thucydides.core.steps.StepInterceptor - STARTING STEP: LoginSteps.iSendAGETRequestToTheUserAPIEndpoints - I send GET HTTP request
12:04:04.435 [main] DEBUG net.thucydides.core.steps.StepInterceptor - STARTING STEP: Information.iSendAGETRequestToTheUserAPIEndpoints - I set GET endpoints
12:04:04.436 [main] DEBUG net.thucydides.core.steps.StepInterceptor - STEP DONE: I set GET endpoints
12:04:04.554 [main] DEBUG org.apache.http.impl.conn.BasicClientConnectionManager - Get connection for route {s}->https://altashop-api.fly.dev:443
12:04:04.555 [main] DEBUG org.apache.http.impl.conn.DefaultClientConnectionOperator - Connecting to altashop-api.fly.dev:443
12:04:04.651 [main] DEBUG org.apache.http.client.protocol.RequestAddCookies - CookieSpec selected: ignoreCookies
12:04:04.651 [main] DEBUG org.apache.http.client.protocol.RequestAuthCache - Auth cache not set in the context
12:04:04.652 [main] DEBUG org.apache.http.client.protocol.RequestProxyAuthentication - Proxy auth state: UNCHALLENGED
12:04:04.652 [main] DEBUG org.apache.http.impl.client.DefaultHttpClient - Attempt 1 to execute request
12:04:04.652 [main] DEBUG org.apache.http.impl.conn.DefaultClientConnection - Sending request: GET /api/auth/info HTTP/1.1
12:04:04.653 [main] DEBUG org.apache.http.wire -  >> "GET /api/auth/info HTTP/1.1[\r][\n]"
12:04:04.653 [main] DEBUG org.apache.http.wire -  >> "Authorization: Bearer eyJhbGciOiJIUzI1NiIsInR5cCI6IkpXVCJ9.eyJGdWxsbmFtZSI6IkdpdGEgTGVvbmkgZHdpIGZyaXAiLCJFbWFpbCI6ImdpdGFsZWUyMUBnbWFpbC5jb20ifQ.TGsRtCS1_W5fQoxLxVSMhDknX_uoRVw_0tYCGs1StVE[\r][\n]"
12:04:04.653 [main] DEBUG org.apache.http.wire -  >> "Accept: */*[\r][\n]"
12:04:04.654 [main] DEBUG org.apache.http.wire -  >> "Host: altashop-api.fly.dev[\r][\n]"
12:04:04.654 [main] DEBUG org.apache.http.wire -  >> "Connection: Keep-Alive[\r][\n]"
12:04:04.654 [main] DEBUG org.apache.http.wire -  >> "User-Agent: Apache-HttpClient/4.5.13 (Java/19.0.2)[\r][\n]"
12:04:04.654 [main] DEBUG org.apache.http.wire -  >> "Accept-Encoding: gzip,deflate[\r][\n]"
12:04:04.654 [main] DEBUG org.apache.http.wire -  >> "[\r][\n]"
12:04:04.654 [main] DEBUG org.apache.http.headers - >> GET /api/auth/info HTTP/1.1
12:04:04.654 [main] DEBUG org.apache.http.headers - >> Authorization: Bearer eyJhbGciOiJIUzI1NiIsInR5cCI6IkpXVCJ9.eyJGdWxsbmFtZSI6IkdpdGEgTGVvbmkgZHdpIGZyaXAiLCJFbWFpbCI6ImdpdGFsZWUyMUBnbWFpbC5jb20ifQ.TGsRtCS1_W5fQoxLxVSMhDknX_uoRVw_0tYCGs1StVE
12:04:04.655 [main] DEBUG org.apache.http.headers - >> Accept: */*
12:04:04.655 [main] DEBUG org.apache.http.headers - >> Host: altashop-api.fly.dev
12:04:04.655 [main] DEBUG org.apache.http.headers - >> Connection: Keep-Alive
12:04:04.655 [main] DEBUG org.apache.http.headers - >> User-Agent: Apache-HttpClient/4.5.13 (Java/19.0.2)
12:04:04.655 [main] DEBUG org.apache.http.headers - >> Accept-Encoding: gzip,deflate
12:04:04.690 [main] DEBUG org.apache.http.wire -  << "HTTP/1.1 200 OK[\r][\n]"
12:04:04.690 [main] DEBUG org.apache.http.wire -  << "content-type: application/json[\r][\n]"
12:04:04.690 [main] DEBUG org.apache.http.wire -  << "date: Sun, 07 May 2023 05:04:05 GMT[\r][\n]"
12:04:04.691 [main] DEBUG org.apache.http.wire -  << "content-encoding: gzip[\r][\n]"
12:04:04.691 [main] DEBUG org.apache.http.wire -  << "transfer-encoding: chunked[\r][\n]"
12:04:04.691 [main] DEBUG org.apache.http.wire -  << "server: Fly/3f2597ca (2023-05-03)[\r][\n]"
12:04:04.691 [main] DEBUG org.apache.http.wire -  << "via: 1.1 fly.io[\r][\n]"
12:04:04.691 [main] DEBUG org.apache.http.wire -  << "fly-request-id: 01GZT9GY9E1GM0QF9N470PB1JX-sin[\r][\n]"
12:04:04.691 [main] DEBUG org.apache.http.wire -  << "[\r][\n]"
12:04:04.691 [main] DEBUG org.apache.http.impl.conn.DefaultClientConnection - Receiving response: HTTP/1.1 200 OK
12:04:04.691 [main] DEBUG org.apache.http.headers - << HTTP/1.1 200 OK
12:04:04.692 [main] DEBUG org.apache.http.headers - << content-type: application/json
12:04:04.692 [main] DEBUG org.apache.http.headers - << date: Sun, 07 May 2023 05:04:05 GMT
12:04:04.692 [main] DEBUG org.apache.http.headers - << content-encoding: gzip
12:04:04.692 [main] DEBUG org.apache.http.headers - << transfer-encoding: chunked
12:04:04.692 [main] DEBUG org.apache.http.headers - << server: Fly/3f2597ca (2023-05-03)
12:04:04.692 [main] DEBUG org.apache.http.headers - << via: 1.1 fly.io
12:04:04.692 [main] DEBUG org.apache.http.headers - << fly-request-id: 01GZT9GY9E1GM0QF9N470PB1JX-sin
12:04:04.692 [main] DEBUG org.apache.http.impl.client.DefaultHttpClient - Connection can be kept alive indefinitely
12:04:04.693 [main] DEBUG io.restassured.internal.RestAssuredHttpBuilder - Parsing response as: application/json
12:04:04.693 [main] DEBUG org.apache.http.wire -  << "76[\r][\n]"
12:04:04.693 [main] DEBUG org.apache.http.wire -  << "[0x1f][0x8b][0x8][0x0][0x0][0x0][0x0][0x0][0x4][0xff][0xab]VJI,IT[0xb2][0xaa]V[0xf2]tQ[0xb2]2[0xb4]06[0xb7][0xd0]Qr+[0xcd][0xc9][0xc9]K[0xcc]MU[0xb2]Rr[0xcf],IT[0xf0]I[0xcd][0xcf][0xcb]TH)[0xcf]TH+[0xca],P[0xd2]Qr[0xcd]M[0xcc][0xcc]Q[0xb2]RJ[0xcf],I[0xcc]IM52tH[0x7][0x89][0xe8]%[0xe7][0xe7]*[0xe9]([0x5]$[0x16][0x17][0x97][0xe7][0x17][0xa5][0xc0][0x15]XX([0xd5][0xd6]r[0x1][0x0]U[0x84]~[0x95]k[0x0][0x0][0x0]"
12:04:04.693 [main] DEBUG org.apache.http.wire -  << "[\r][\n]"
12:04:04.694 [main] DEBUG org.apache.http.wire -  << "0[\r][\n]"
12:04:04.694 [main] DEBUG org.apache.http.wire -  << "[\r][\n]"
12:04:04.694 [main] DEBUG io.restassured.internal.RestAssuredHttpBuilder - Parsed data to instance of: class org.apache.http.conn.EofSensorInputStream
12:04:04.697 [main] DEBUG org.apache.http.impl.conn.BasicClientConnectionManager - Releasing connection org.apache.http.impl.conn.ManagedClientConnectionImpl@29b5e7db
12:04:04.698 [main] DEBUG org.apache.http.impl.conn.BasicClientConnectionManager - Connection can be kept alive indefinitely
12:04:04.701 [main] DEBUG net.thucydides.core.steps.StepInterceptor - STEP DONE: I send GET HTTP request
  &amp#27;[32mWhen &amp#27;[0m&amp#27;[32mI send GET HTTP request&amp#27;[0m                                         &amp#27;[90m# starter.stepdefinitions.LoginSteps.iSendAGETRequestToTheUserAPIEndpoints()&amp#27;[0m
12:04:04.711 [main] DEBUG net.thucydides.core.steps.StepInterceptor - STARTING STEP: LoginSteps.iReceiveValidHTTPResponseCodeForGetUserInformation - I receive valid HTTP response code 200 for get user information
12:04:04.713 [main] DEBUG net.thucydides.core.steps.StepInterceptor - STEP DONE: I receive valid HTTP response code 200 for get user information
  &amp#27;[32mThen &amp#27;[0m&amp#27;[32mI receive valid HTTP response code &amp#27;[0m&amp#27;[32m&amp#27;[1m200&amp#27;[0m&amp#27;[32m for get user information&amp#27;[0m &amp#27;[90m# starter.stepdefinitions.LoginSteps.iReceiveValidHTTPResponseCodeForGetUserInformation(int)&amp#27;[0m
12:04:04.723 [main] DEBUG net.thucydides.core.steps.StepInterceptor - STARTING STEP: LoginSteps.iReceiveValidDataOfTheUser - I receive valid data of the user
12:04:04.725 [main] DEBUG net.thucydides.core.steps.StepInterceptor - STEP DONE: I receive valid data of the user
  &amp#27;[32mAnd &amp#27;[0m&amp#27;[32mI receive valid data of the user&amp#27;[0m                                 &amp#27;[90m# starter.stepdefinitions.LoginSteps.iReceiveValidDataOfTheUser()&amp#27;[0m
12:04:04.732 [main] INFO  - 
  _____   ___   ___   _____     ___     _     ___   ___   ___   ___  
 |_   _| | __| / __| |_   _|   | _ \   /_\   / __| / __| | __| |   \ 
   | |   | _|  \__ \   | |     |  _/  / _ \  \__ \ \__ \ | _|  | |) |
   |_|   |___| |___/   |_|     |_|   /_/ \_\ |___/ |___/ |___| |___/ 

view user information
----------------------------------------------------------------------
]]></system-out>
  </testcase>
  <testcase name="GET All Product" classname="Products" time="1.098">
    <system-out><![CDATA[12:04:04.737 [main] INFO io.cucumber.core.plugin.SerenityReporter - Running feature from file:///E:/mini%20peoject/RestAPi/src/test/resources/api/Produk.feature
12:04:04.737 [main] WARN io.cucumber.core.plugin.SerenityReporter - Feature from file:///E:/mini%20peoject/RestAPi/src/test/resources/api/Produk.feature is not under the 'features' directory. Requirements report will not be correctly generated!
12:04:04.753 [main] DEBUG net.thucydides.core.steps.StepEventBus - Test suite started for story net.thucydides.core.model.Story@55ef6c0d
12:04:04.754 [main] INFO  - Test Suite Started: Products

Scenario: GET All Product                     &amp#27;[90m# src/test/resources/api/Produk.feature:2&amp#27;[0m
12:04:04.865 [main] INFO io.cucumber.core.plugin.SerenityReporter - Running feature from file:///E:/mini%20peoject/RestAPi/src/test/resources/api/Produk.feature
12:04:04.865 [main] WARN io.cucumber.core.plugin.SerenityReporter - Feature from file:///E:/mini%20peoject/RestAPi/src/test/resources/api/Produk.feature is not under the 'features' directory. Requirements report will not be correctly generated!
12:04:04.877 [main] INFO  - 
  _____   ___   ___   _____     ___   _____     _     ___   _____   ___   ___  
 |_   _| | __| / __| |_   _|   / __| |_   _|   /_\   | _ \ |_   _| | __| |   \ 
   | |   | _|  \__ \   | |     \__ \   | |    / _ \  |   /   | |   | _|  | |) |
   |_|   |___| |___/   |_|     |___/   |_|   /_/ \_\ |_|_\   |_|   |___| |___/ 

GET All Product(products;get-all-product)
--------------------------------------------------------------------------------
12:04:05.262 [main] DEBUG net.thucydides.core.steps.StepInterceptor - STARTING STEP: ProductSteps.iSetGETEndpointsProduct - I set GET endpoints product
12:04:05.267 [main] DEBUG net.thucydides.core.steps.StepInterceptor - STEP DONE: I set GET endpoints product
  &amp#27;[32mGiven &amp#27;[0m&amp#27;[32mI set GET endpoints product&amp#27;[0m           &amp#27;[90m# starter.stepdefinitions.ProductSteps.iSetGETEndpointsProduct()&amp#27;[0m
12:04:05.306 [main] DEBUG net.thucydides.core.steps.StepInterceptor - STARTING STEP: ProductSteps.iSendGETHTTPRequestProduct - I send GET HTTP request product
12:04:05.311 [main] DEBUG net.thucydides.core.steps.StepInterceptor - STARTING STEP: GetALLProduct.GETHTTPRequestProduct - I set GET endpoints product
12:04:05.312 [main] DEBUG net.thucydides.core.steps.StepInterceptor - STEP DONE: I set GET endpoints product
12:04:05.347 [main] DEBUG org.apache.http.impl.conn.BasicClientConnectionManager - Get connection for route {s}->https://altashop-api.fly.dev:443
12:04:05.347 [main] DEBUG org.apache.http.impl.conn.DefaultClientConnectionOperator - Connecting to altashop-api.fly.dev:443
12:04:05.444 [main] DEBUG org.apache.http.client.protocol.RequestAddCookies - CookieSpec selected: ignoreCookies
12:04:05.444 [main] DEBUG org.apache.http.client.protocol.RequestAuthCache - Auth cache not set in the context
12:04:05.445 [main] DEBUG org.apache.http.client.protocol.RequestTargetAuthentication - Target auth state: UNCHALLENGED
12:04:05.445 [main] DEBUG org.apache.http.client.protocol.RequestProxyAuthentication - Proxy auth state: UNCHALLENGED
12:04:05.445 [main] DEBUG org.apache.http.impl.client.DefaultHttpClient - Attempt 1 to execute request
12:04:05.445 [main] DEBUG org.apache.http.impl.conn.DefaultClientConnection - Sending request: GET /api/products HTTP/1.1
12:04:05.446 [main] DEBUG org.apache.http.wire -  >> "GET /api/products HTTP/1.1[\r][\n]"
12:04:05.446 [main] DEBUG org.apache.http.wire -  >> "Accept: */*[\r][\n]"
12:04:05.446 [main] DEBUG org.apache.http.wire -  >> "Host: altashop-api.fly.dev[\r][\n]"
12:04:05.446 [main] DEBUG org.apache.http.wire -  >> "Connection: Keep-Alive[\r][\n]"
12:04:05.446 [main] DEBUG org.apache.http.wire -  >> "User-Agent: Apache-HttpClient/4.5.13 (Java/19.0.2)[\r][\n]"
12:04:05.446 [main] DEBUG org.apache.http.wire -  >> "Accept-Encoding: gzip,deflate[\r][\n]"
12:04:05.447 [main] DEBUG org.apache.http.wire -  >> "[\r][\n]"
12:04:05.447 [main] DEBUG org.apache.http.headers - >> GET /api/products HTTP/1.1
12:04:05.447 [main] DEBUG org.apache.http.headers - >> Accept: */*
12:04:05.447 [main] DEBUG org.apache.http.headers - >> Host: altashop-api.fly.dev
12:04:05.447 [main] DEBUG org.apache.http.headers - >> Connection: Keep-Alive
12:04:05.447 [main] DEBUG org.apache.http.headers - >> User-Agent: Apache-HttpClient/4.5.13 (Java/19.0.2)
12:04:05.447 [main] DEBUG org.apache.http.headers - >> Accept-Encoding: gzip,deflate
12:04:05.601 [main] DEBUG org.apache.http.wire -  << "HTTP/1.1 200 OK[\r][\n]"
12:04:05.602 [main] DEBUG org.apache.http.wire -  << "content-type: application/json[\r][\n]"
12:04:05.602 [main] DEBUG org.apache.http.wire -  << "date: Sun, 07 May 2023 05:04:06 GMT[\r][\n]"
12:04:05.602 [main] DEBUG org.apache.http.wire -  << "transfer-encoding: chunked[\r][\n]"
12:04:05.602 [main] DEBUG org.apache.http.wire -  << "content-encoding: gzip[\r][\n]"
12:04:05.602 [main] DEBUG org.apache.http.wire -  << "server: Fly/3f2597ca (2023-05-03)[\r][\n]"
12:04:05.602 [main] DEBUG org.apache.http.wire -  << "via: 1.1 fly.io[\r][\n]"
12:04:05.603 [main] DEBUG org.apache.http.wire -  << "fly-request-id: 01GZT9GZ28DEXVJRBQDCD45RC6-sin[\r][\n]"
12:04:05.603 [main] DEBUG org.apache.http.wire -  << "[\r][\n]"
12:04:05.603 [main] DEBUG org.apache.http.impl.conn.DefaultClientConnection - Receiving response: HTTP/1.1 200 OK
12:04:05.603 [main] DEBUG org.apache.http.headers - << HTTP/1.1 200 OK
12:04:05.603 [main] DEBUG org.apache.http.headers - << content-type: application/json
12:04:05.603 [main] DEBUG org.apache.http.headers - << date: Sun, 07 May 2023 05:04:06 GMT
12:04:05.603 [main] DEBUG org.apache.http.headers - << transfer-encoding: chunked
12:04:05.603 [main] DEBUG org.apache.http.headers - << content-encoding: gzip
12:04:05.603 [main] DEBUG org.apache.http.headers - << server: Fly/3f2597ca (2023-05-03)
12:04:05.604 [main] DEBUG org.apache.http.headers - << via: 1.1 fly.io
12:04:05.604 [main] DEBUG org.apache.http.headers - << fly-request-id: 01GZT9GZ28DEXVJRBQDCD45RC6-sin
12:04:05.604 [main] DEBUG org.apache.http.impl.client.DefaultHttpClient - Connection can be kept alive indefinitely
12:04:05.604 [main] DEBUG io.restassured.internal.RestAssuredHttpBuilder - Parsing response as: application/json
12:04:05.605 [main] DEBUG org.apache.http.wire -  << "18D[\r][\n]"
12:04:05.605 [main] DEBUG org.apache.http.wire -  << "[0x1f][0x8b][0x8][0x0][0x0][0x0][0x0][0x0][0x4][0xff][0xaa]VJI,IT[0xb2][0x8a][0xae]V[0xf2]tQ[0xb2]24661[0xd7]Q[0xf2]K[0xcc]MU[0xb2]R[0x8a]p[0xca][0xaf]P0T[0xd2]QrI-N.[0xca],([0xc9][0xcc][0xcf]S[0xb2]RR[0xd2]Q[\n]"
12:04:05.605 [main] DEBUG org.apache.http.wire -  << "([0xca]LNU[0xb2]2[0xb1][0xb4][0xd4]Q[\n]"
12:04:05.605 [main] DEBUG org.apache.http.wire -  << "J,[0xc9][0xcc]K/V[0xb2]2[0xd2]QrN,IM[0xcf]/[0xca]L-F[0x18]idjb[0x8]7[0xd2]=173/[0x1d][0xc3]H[0xb7][0xfc]"[0x85]t[0xb0][0x94]BAiQA~qj[0xb1]Rml[0xad][0xe][0xc2]U[0x96]p#"[0x9c][0xfc]#[0x88]w[0x94][0x9][\r][0x1d]e[0x8a][0xf0][0xd7] r[0x94]1[0x99]!eH[0xcb][0x90]2[0x85];*8?[0xaf]R! [0xd8][0x14]#[\r][0x14][0xe4]$V*d$[0x16]+[0xe4][0xe5]+[0xe4]d[0xe6]f[0x96][0x14]#[0x12][0x9a][0x11]JB3Es)rB1[0xb5][0xa0][0xa6]M[0xc6]xl2C[0xc4]>[0x15][0xfc][0x84][0xd7]&[0x13]j[0xfa][0x9]_[0xe8][0x99]!B[0xaf]$[0xb5][0x18][0x94][0xaf][0x15][\n]"
12:04:05.606 [main] DEBUG org.apache.http.wire -  << "[0x8a][0xf2]SJ[0x93]K0[0xa2][0xab]$#[0xb3]X![0xb3]X[0xa1]$#[0x15][0xa6]F![0x5][0xa9][0x9c][0x80][0x17][0x12][0x86][0x6][0x6][0x6][0x6]H[0xc5][0x4]^[0xfb][0x11][0xd9][0x9c]j[0xf6]#[0xdb][0x8d]/[0x94][0xcd][\r][0xe0][0xa1]L[0xc8]nD[0xc2][0x4]y[0x8e]H[0xbf][0x99]#[0xd2][0xb]![0xf3]i[0x12][0xb6][0xe6]FD[0xfb][0x8f]$[0xfb][0x89][0xf5]>"[0x11][0xf][0x8c][0xf7][0xcd]h[0xe3]}[0xe4][0xe4][0x85]^[0xd9] [0x17]L[0xe6][0x88]z[0x95]f[0xfe]7[0xc0]S\[0x99][0xd3]!k[0xe3][0xb5][0x9f][0x6]Y[0x1b][0x94][0xfb][0x90][0xc3][0x1f][0x9f][0xfd][0x16][0xc4]go[0x92][0x92]?[0xb2][0xfd][0xf8][0xe2][0xdf][0x82][0xe][0xd9][0x1f][0xaf][0xff][0xa9][0x98][0xfd][0x1][0x0][0x0][0x0][0xff][0xff]"
12:04:05.606 [main] DEBUG org.apache.http.wire -  << "[\r][\n]"
12:04:05.607 [main] DEBUG org.apache.http.wire -  << "4B8[\r][\n]"
12:04:05.607 [main] DEBUG org.apache.http.wire -  << "[0x82][0xb5][0xff]H[\n]"
12:04:05.607 [main] DEBUG org.apache.http.wire -  << "D[0xbb]d@[0xd2][0xbf][0x5][0xa2][0xfc][0xf1][0x8]P[0xc8][0xcd],[0xc9][0xc7][0xa8][0xd2][0xc0]-[0x90][0x92][0xd4][0xa2][0xa4][0xc4][0xcc]l[0x84]'M[0xcd][0xcc][0x91][0x8a]8[0xbc]A[0x8c][0xc8][0xe2][0xa4][0xb5][0x7][0xd1][\r][0x85]6{[0xa9][0xd2]r[0xb6]@[0xe4];[0x1a]7S,[0x11]9l[0xf0]x[0xdf][0x12][0x91][0xec][0x3] -[0x19][0x5][0xd7][0x9c]D,][0x90][0xe4][0xfc][0xa4]D[0x85]"p_[0x6][0x11][0xf7]([0xcd]N|[0x8d][0x7]KD[0xea][0xe][0x8]V[0xc0]l[0xdc][0xa6]'[0xe6][0xa6]*[0x98]*[0x14][0x97]$[0x16]!LG[0xed]>[0xa1]'[0x2][0xe4][0xca][0xc3][0x12][0x91]x[0xdd]J[0x8b][0xf2]2KJ[0x8b]R[0x15]B[0xf2][0xb]0[0x92]0B6%[0xb1](S[0xc1]+[0xb5] [0xb1]([0x11]a[0xa3][0xa1][0x9]r[0x87][\r][0x8f][0x8d]&[0xa0]&[0x1b][0xb4][0x1b]H[0x85]d[0x83][0xd7]&D[0xc1][0x88]p=m[0xfd][0x86][0x88],Z[0xfb][\r][0x11]o[0x1]E[0x89][0xc9]%[0x99][0xc9][0x89]9[\n]"
12:04:05.608 [main] DEBUG org.apache.http.wire -  << "[0xe1][0xf9][0xf9])[0xa9]y[\n]"
12:04:05.608 [main] DEBUG org.apache.http.wire -  << "[0xde]y[0x99]i[0xa9][0x18][0x11][0xe8][0x98][0x93][0x99]X[0xac][0x90]V[0x9a][0x9e][0xa8]PZ[0xa2][0x87][0x14]s[0xa0][0x8][0x81]w[0xb5][0xf1][0x86]'[0xa2][0x14][0xf2],[0xc8][0xc8][0xcf]KU04T03QHO[0xc2][0xb0][0xc]\[0xe0][0x11][0xd5][0xe5][0xc2]k![0xa2][0x84][0x81]YhDS[0xb][\r][0x11][0x5][\r][0xcc]B[0xda][0xfa][0xd0][0x10][0x91]D[0xe9]d![0xdd]R[0xa8]!F[0xcf][0xdc][0x9c]F[0xc9][0xc4][0x10][0x91].[0x3][0x12]s[0x12]}[0xf2]}@[0x5][0x13][0xea][0xd0][0x12]<Ab[0x19][0x0]06F[0xaa][0x86][0xf1][0xb4][0xb4]L[0xc][0x11]-][0x1a][0x94][0xc5]&[0x86][0x88][0xe4]N[0xb][0xe3][0x8d][0x10][0x89][0xdb][0xa9](195'[0x15][0xb3][0xef][0xed][0x9b][0x98][0x92][0xaa][0x90][0x9f][0xa6][0x90][0x91][0x99][0x9e][0xa1]PX[0x9a][0x98][0x93]YR[0xa9]P[0x90][0x9a]X[0x94][0x83]<f[0x2]2[0x89][0xa8][0x12][0xc3][0x8][0x91][0xbc]i[0xe2]#[0xa4]*[0x98][0xfa]u[0xa3][0x89][0x11]"[0xaf][0xd0]-[0xc0][0x10][0xc5]:[0xdd][0xac]D[0xe4]SjZ[0x89]/[0x1f][0x19]!z[0xcc][0xd4][0xb4][0x12]_Ub[0x84](#h\3[0x1b]!r1[0x8d][0xba][0x3]&[0xc6][0xf4][0xc9][0xc9][0xb0][0xce][0x82][0x5]RQ[0xee][0x98][0x9c][0x9c]Z\[0xc][0x19][0x88]G[0x1f][0xbe]/[0xc9]WH[0xcd][0xcb]H[0xcc]KNUH,[0x0][0x15][0x1a] &[0xca]h[0xbb][0x89]1[0xa2]@(N-HM[0xc1],[0xa8][0x13]3+A[0x82][0xd0]y[0x0]#S[0xe4]^0[0xbe][0x8]6F[0x94][0x5][0xf4]JS[0xa0]z[0x3][0xda][0x92][0xa5][0xb6]g[0xe8]_[0xc][0x18]#[0x8a][0x81]`p[0xcc]([0xf8]d[0x16][0x97][0x14][0x81][0xfb][0xab][0xa8]U)T:[0x7]"[0xad][0x90][0x97][0x9e][0x9a]T[\n]"
12:04:05.609 [main] DEBUG org.apache.http.wire -  << "[0xaa]IH[0x8f]2D1[0x0]5[0x13]j[0xa5][0x82]SbN"f[0x17][0x4][0xaa][0x8][0xd5]b[0x85][0xa4][0xc4][0xbc]tpM[0x6][0xb5][0xdf][0x94][0xf8]$[0x83]([0x13][0xe8][0x96]d[0x10]-[0x8][0xba]Y[0x89]([0x8f][0xe8]e[0xa5][0x9][0xa2]|[\n]"
12:04:05.609 [main] DEBUG org.apache.http.wire -  << "*-.[0xc9]L[0x86][0xf5]L[0x9c][0x12]1g[0xe8]BK[0x14]R[0x8b][0x8a][0xf2][0x8b][0x14][0x8a]R[0x93]K[0x8b][0x13][0xf3]R[0x12]S[0x15][\n]"
12:04:05.609 [main] DEBUG org.apache.http.wire -  << "[0xf2][0x8b][0x8b]3sK[0x8b][0x15]r[0xf3]s@[0xb3][0x5][0x89][0xa9][\n]"
12:04:05.609 [main] DEBUG org.apache.http.wire -  << "[0xc5][0xa9])[\n]"
12:04:05.609 [main] DEBUG org.apache.http.wire -  << "[0x99][0xb9][0x5][0xa9])[0x99][0xe4]u^[0x90][0xa6][\n]"
12:04:05.609 [main] DEBUG org.apache.http.wire -  << "[0x11][0x1d]&[0x9f][0xcc][0xbc][0xd4]<[0x5][0xa7][0xfc][0x92][0x92][0x1c],[0x1d][0xa6][0xd2][0x12][0x85][0x82][0xd4][0xa2][0xe2][0x82][0xcc][0xe4][0xcc][0xc4][0x92][0xcc]b[0x85][0x94][0xfc][0x9c][0xfc][0xa2]T[0x85][0x94][0xcc][0xe4][0x92]D[0x85][0x82][0xfc][0xa2][0xa2]|[0x85][0xcc][0x82][0xe2][0xd2]\[0x85][0xd4]D[0xb2][0xfa]S&[0xf4]/[0xb2]L[0x10]M[0x9a][0xe0][0x9c][0xd4][0xd4]l[0x5]H[0x8][0xb8][0xe7][0xe4][0x97][0xa5][0x82]Zx[0xa8]9[0xdd]?--393[0xb3]X!9?[0xaf]8[0xb5][0xb0]4[0xb1][0xa4][0xb4]H!1/37[0x13][0x1e]1[0xc5][\n]"
12:04:05.609 [main] DEBUG org.apache.http.wire -  << "e[0xf9]9[0xa5][0x5]%[0x89]%[0xa9][\n]"
12:04:05.610 [main] DEBUG org.apache.http.wire -  << ")[0xa9]9[0xa9]y[0x99]%[0x99][0xe4][0x5][0x6][0xfd][0x8b]<[0x13]D[0x91][0xe7][0x9e]_[0x94][0x9e][0x9a]_Z[0xac][0x10]T[0x9a][0x94][0x94]Z[0xa4][0xe0][0xc][0x1e]MA[0xb][0x8d][0x94][0xcc][0x12]H[0x1a]([0xcd]UH[0x4]%[0xe]p[0x12][0xc8]IL[0xca]/[0xca][0xcc]/N[0xcc]U(,[0xcd]TH[0xcc][0xc9],,[0xcd]LQ(&7[0x9d]"[\n]"
12:04:05.610 [main] DEBUG org.apache.http.wire -  << "ED:u/J[0xcc][0xcb],IUp[0xce]O[0x4][0x95][0xb4][0xa8][0xee]r-[0x1][0xf5][0xea]3[0x13]K[0x14][0xf2]s[0xf3]2[0x8b][0x15]r3[0xf3]2s[0x13][0x15][0xf2]Js[0xb]K[0x13]s[0x15][0x8a]K[0x8b][0x93]3[0xb][0xc8]u[\r][0xa2][0x88][0xc][0xae][0xcc]K-J[0xcf][0x84]e[0xe7][0x1c][0x85][0xe0][0x8c][0xcc]"[0xac][0xae]I-.[0x81][0xa7][0x8a][0xcc][0xa4][0xd2]b[0x85][0x82][0x9c][0xc4][0xe4][0xd4][0xc4][0x12][0x85]T2[0xb3].[0xa2][0xd0][0xa4]q[0xdb][\r]Tu@kt[0x5][0x1a]uVM[0x11][0x99][0x9e],[0xcf][0x10][0xdb][0x1e]2E[0xca][0xe9][0x94]O[0x8c][0xe3]ky[0x99][0xd2]?[0xe7][0x9a]"r.[0xbd][0xea]4SD[0xbe][0xa4][0x9b][0x95][0x88][0xcc]G7+[0xe9][0x97][0xd5][0x10][0xcd][0x12][0xb2][0xf2][0x1][0xea][0xc2][\r]|[0xe9][0xd3][0xc][0xd1][0x1a][0x81][0xda][0x84][0xb9][0xc8][0x7]><[0x84]e[0x89][0x8][0xfe][0xc1]tX'[0x89][\n]"
12:04:05.610 [main] DEBUG org.apache.http.wire -  << "k[0x91]L[0xa8][0xbb][0xf0][0x3]o[0x98]PX[\n]"
12:04:05.610 [main] DEBUG org.apache.http.wire -  << "[0x91][0x10][0xfa]t+[0x87][0xcc][0x10][0xe5][0x10]4[0x9e]1gK[0xf0][0xc5]3[0x9]~B[0x14]?[0xb4][0xb6][0x9]Q[0xea]@m[0x1a][0xb4]i[0x17]QX[0xe1]t)b[0xd2][0x1]_-F[0xd5][0x1c][0x85]Q[0x9e]Q[0x12]~[0xe8][0xb][0x8c][0xa8][0xea]R[0x8c][0xf2][0x10][0xd3][0xa5][0xf4][0xf]?[0xa4][0xa5]K[0xd0]X[0xa5]U[0x9e][0x82],b[0x2][0x0][0x0][0x0][0xff][0xff]"
12:04:05.610 [main] DEBUG org.apache.http.wire -  << "[\r][\n]"
12:04:05.612 [main] DEBUG org.apache.http.wire -  << "59F[\r][\n]"
12:04:05.612 [main] DEBUG org.apache.http.wire -  << "[0x2][0xaf][0xe][0xf5]K,[0xce]TpI,[0xcd]S[0xf0]J-*[0x5]M[0x98][0xa3]6x[0xc1][0xf2][0xe5][0xa9]y[0x89][0xd9][0xd9][\n]"
12:04:05.612 [main] DEBUG org.apache.http.wire -  << "%[0xa9]y[0x89]y[\n]"
12:04:05.613 [main] DEBUG org.apache.http.wire -  << "[0xb9][0xa5]E[0xb9][0xa9]H[0xf3][0x9f][0x86][0x96][0xa8]+[0xc3][0xd0][0x8b]BX[0xc4]YX"Rmr~^I~[0x86]n2b[0xa1])[0xfa][0xf8][0x96][bqFf~^bRN*[0xea][0xa8][0x16][0xd2][0x2]([0xb0][0xdb][0x10]nWH[0xac]L[0xcc]UH[0xcf]/J[0xc5]21[0xc]VK% [0xd2]9a`[0xaa]@^[0x11]kbN[0xb7][0x12][0xdb][0x9c]n[0xe5]([0xd2][0x1a])Z[0xa7]c[0x8c]|L[0xab][0x1c][0x83][0xb4][0xee][0x87][0xc6]~[0xb2]@[0xa4][0x8][0x82]+[0xb7][0xe9]U[0xb2]#[0xad][0xba][0xc1][0xe1]&[0xc4][0xd2]oD[0xb9]I[0xbf][0xb6][0x9c][0x5]"G[0xe]N[0xf7][0xd1]-[0x9d]Z"[0xc6][0xfc]q[0x84][0xc4]@[0xc4][0xf][0xd2][0xf2][0x9d][0xc1][0xe4]*DN[0xa3]q[0x9e]FZ[0xf8][0x83]}M[0xd5][0xc0]f[0x1f]KD[0xc3][0x17][0xbb][0xf3][0x6]$[0xcd] [0xe7]il{E[0x6]4[0xcc]LA[0xb]y[0xa0]M([0xd2][0xc2][0x8c][0x86][0xed]ZS[0x3]D[0xee][0xa7]m[0x8a]65@[0xe4][0x1d][0xec][0xde][0x1f][0xe0][0xd8]A4v[0xb0];o[0x0]R[0xb4][0xa9][0x1]"[0x9b][0xd1]:v([0xcf];[0xb4]L[0xa6]H+[0xbf][0x6]O[0xec] [0xad][0xe][0xc3][0xee][0xa8][0x81]M[0xd1][0x86][0x84]2[0xdc]@[0xa4]hCz[0x8d][0x2][0x99]"[0xad][0x8a][0xa0]q[0xde]1[0xa4][.EZJGk?![0xca][0x3][0x1a][0xdb][0x4]Z[0xad][0x6][0xad][0x16]im[0x13][0xbd]FUM[0x8d][0xe8][0x96][0xca][0x8d][0x10][0xd5][0x16][0xad]C[0x8f]n[0xa9][0x9c]n[0x8b][0xc1]L[0x8d][0xe8][0x97][0xca][0xe9][0xd5][0x9f]3EZ}F[0xe3][0x14][0x81][0xb4]Z[0x8c][0xd6]6!r[0xee]`[0xac]i[0x8d][0x11][0xd9][0x1d][0xbb][0xf3][0x6][0xa2][0xa6]E^1F[0xd3][0x19]fSc[0xba][0x95][0xc][0xc6][0x88][0xf1]`[0x8f][0x0][0x5]g[0xd0]r[0x9f]L,[0x9b]nrR[0xb]J[0xf2][0xb][0x14]0vtY[0x82][0x0][0xd2]br[0xf4]qg[0xa4][0x9d]7[0xa6][0xc6]t+[0x1a][0x90][0x96]c[0xd1]m[0x83][0x1c]l[0x84][0xdd][0xd4][0x0]Q[0xc0]7[0xe1]`,[0xad]H#pJ[0x3][0xf2][0xe4]*[0xd5][0xbc]@[0xd4]H%[0x95][0x9c][0x8f](^[0x8]9[0x1f][0x91][0x93]A{ [0xf1][0xa4]%j[0x87]0[0xa2]1O[0xc8][0x89]d[0xef]b[0xc5][0x97][0x1d]L[0x10]E[0x1c]U[0xed][0xc7][0x13][0x82][0xc8][0xb9][0xd1][0x4]Q[0xc4]P[0xd5]zz&2D[0x81]B3/[0xe0][0xec][0x82]S)[0x9f] [0x1a]14[0xf3][0x2]z"[0xa4]r>BZB6d[0xbd][0x80][0x18][0xb2][0x1b][0xb2]^ [0xbe][0xc0][0xa5]ZiF[0xed][0x84]4[0x0][0x5]2[0xb5][0xbd]@[0xa3]2[0x9d][0x8e][0x85]*[0xd2]J[0xc3]![0x9b][0x17][0x10]U[0x1b][0xac][0x17]ejJ[0xa3]IiSSD[0x3][0x9a][0xba]{bL[0x91][0xce]_[0xf2][0xcc]+I[0xcd][0xc9][0xc9]LO[0xcd]+Q[0x8].IM[0x5][0xad]E[0xce][0xc7][0xb2]~[0xdd]3[0x5][0xb4][0x87][0xb1]8S!/[0xb1][0xa4][0xb4][0x18][0xb4]<[0x1b]D$[0x16][0x93][0xb5]B[0xdd][0xd4][0x14]Q9[0xc1][0xc2][0x11][0xa3]!K[0x95][0xf5]e[0xa6][0x98]+[0x16]i[0x15]]t[qhj[0x86]([0x91]i[0x1d]z[0x88]R[0x87][0xd6]6![0x12];[0xad]mB[0xb4][0xed]\[0xf3][0xf2][0x8b]rA[[0x15][0x2]r[0x12][0xc1][0x8b][0xf1][0x9d]3[0x12]3Ak[0x9f]P[0x17]I[0x85]A[0xb6]e[0x80]N[0xd2]*IU[0xc8][0xcb][0xcf][0x3][0x9d][0xa5]U[0x96][0x99][0x2][0xca]3[0xa9][0xc5]d-[0xc4]75C[0xe4][0x0][0x97][0xd2]"[0xd0]:([0xd0][0xc6][0x9e][0x1c][0x5][0xec].[0x8][0x86]n<P(,[0xcd]W@[0xda]%[0x91][0x99]G[0xce][0x6][0x11]S[0xba]-E3EZ[0x8a]F[0xe3]h[0xa5][0xdb]R+S[0xba]-[0xb5]2[0xa5][0xdb]R+SsDr[0xa4]q<![0x1d][0xf1][0x14][0x10]l[0x82]Y[0xea][0x17][0x9b]($%[0x16][0x95]"[0xfa][0xee][0xc6][0xf8][0xd7][0x1f]"[0xf7]<[0xe9][0xb6][0x8c][0xcb][0xd4][0x82]nE0[0xd2][0x82]1Z[0xc7][0xc][0xdd][\n]"
12:04:05.613 [main] DEBUG org.apache.http.wire -  << "{[0xb][0xc4]@[0x16][0xad][0xfd][0x84][0xd9]`[0xc3]LrD[0x9f]i[0x89][0xde][0xdf]EI{t[0xab][0xc0][0x90][0x96][0xc3][0xd1]:[0xf4][0xe8]V* [0x1d]KEc?!-[0xa1][0xa3][0xb5]Mt+#[0x90][0xe][0xb6][0xa2][0xb5][0x9f][0x10]e[0x4][0xd5]KoK[0xba][0x95][\n]"
12:04:05.613 [main] DEBUG org.apache.http.wire -  << "H+[0xe2]h[0x1d]^[0x88][0xc6]&mm2CZ[0x1c][0xe6]Z[0x94][0x9e][0x9f][0x97][0x9f][0x9b][0x99][0xac][0xe0][0x98]S[0x9a][0x9b][0x99]W[0x9a][0x8b]u[0x13][0xae]ci[0x89]BRjbIb*|[0x8b]ij[0xae]BnbEfn[0xaa]B^jn[0xbe]BfNNi.h[0xfb]-[0xb8][0xef]GNS[0xd3][0xcc][0x80]^[0xc5][0xa2][0x99][0x1][0xbd][\n]"
12:04:05.613 [main] DEBUG org.apache.http.wire -  << "+[0xb3][0xc1][0xbd][0x96][0xc8]l0[0xae]%2[0xa3][0xdf]Z"[0xa4]}([0xb4][0xcd]r[0xa6][0xa0][0x83][0x7][0xe9][0xb2][0x1a][0xc6][0xcc][0x80]^U[0x89][0x99][0x1][0xa2][0x80][0xa7]m[0xe8][0x99]!Ms[0xd0][0xd8]&[0xba][0xad][0xf9]2C:[0xd5][0xc][0xfb][0xe2][0x82][0x1]]eh[0x86][0xb4]|[0xb][0xbb][0xf3][0x10][0xbd].[0xba][0xed][0xee]0C:[0xd8][0x8c][0xc6][0xe9][0x0][0xe9][0x10][0xb2][0x80]`C[0x3][\n]"
12:04:05.614 [main] DEBUG org.apache.http.wire -  << ":[0x2][0xe8]'r[0xc1][0x7][0xfb][0x91][0xaa][0x6][0xc8]U[0x9][0x18][0x96][0x10][0x9a][0x9f]7[0xa3][0xdb]z43[0xa4][0xb3][0xc3][0xb2]3[0xb][0x12][0x8b][0x15][0x12][0xf3][0xd2]3A'[0x7][0xa3][0xe][0xe5][0xa6][0xe6][0xa5][0xa7][0xe6][0x94]&[0x16]e'[0xe6]A[0x94]([0x14]'[0xe6][0xa5]'[0x96](d[0xa7][0xe6]%C[0x8e]i[0x85][0x1e][0x18]d[0x8]Z7[0x8f][0xf3]8;x(![0x1d] C[0xe6]][0x13]fH[0xeb][0xce][0xe0][0x7][0x8e]8[0x15][0xe5][0xe7]U[0xa5][0xe2][0x18]B[0x83][0x9c][0xd9]Y[0x94]Z[0x90][0x9a][0x93][0x93][0x9a][0x97]RZ[0xac][0x90][0x98][0xc]:$[0x7]t4Na)Y[0xc3][0xd8]fHK[0xd2]|SS2[0xf3][0x93][0x8b]RA[0xa3]x[0xa0][0x83]Cq[0x1c][0x3][0xe3][0x8][0xb6]3[0xaf]$[0x13]t[0xd4]M[0x89]B>[0xf8]T[0x98]D[0x85][0xb2][0xd4][0x9c][0xcc][0x12][0x85][0xbc][0xfc][0xa4][0xcc]b[0xb2]ZYH[0x7][0xa5][\r][0xb9][0x98]DZ[0x3]7[0xf4][0xdc][0x8e][0x98][0xde][0x1d]znG[0xb4])[0x86][0x9e][0xdb][0x11][0x13][0xba]4[0xae]3[0x90][0x96][0xb]z[0xe6]%[0x17][0xa5][0xa6]d&[0xe5][0xa4]*[0xc0]J[0x9a][0x9c][0xfc]d[0xcc]=[0xd5][0xae][0x89][0xf0][0x83][0x82][0x14]R[0xf3]2![0x1d][0xa8]bP[0xfe]N-N[0xce],[0xcd]+QH)M[0x6][0x1f][0xc9][0x5]9[0x5]+[0x97][0xac],O[0xb7]%[0x83]fH[0xb][0xf9]h[0x1d][0xd8]t[0xeb][0xc2]![0x1f][0xde]E[0xd3][0x5][0x97]f&[0xf4][0x1a][0xd5]0CZw[0x5][0xca][0xd0][0x0][0x0][0x0][0x0][0xff][0xff]"
12:04:05.614 [main] DEBUG org.apache.http.wire -  << "[\r][\n]"
12:04:05.615 [main] DEBUG org.apache.http.wire -  << "410[\r][\n]"
12:04:05.616 [main] DEBUG org.apache.http.wire -  << "[0x1a]R[0xd5]9[0xd2][0x85]V[0xe4][0xa6]1"[0xf]M73[0xa1][0xdb][0x90][0xc][0xd2][0xfa]%r=E[0xdc][0x92];3[0xa4]K[0xae]hm[0x13][0xdd]J^[0xa4][0xe5]"[0xb4][0xf6][0x13][0xdd][0xc6][0xa8][0xe8][0xb6][0xee][0xc1][0x8c]n[0xab][0x11][0xcc][0xcc][0xe8][0x96]"[0xcc][0xe8]V[0x94][0x82]n[0x13][0xa1][0xcf][0xc8][0xe][0xd2]:[0x0][0x1a][0xa7]r[0xba]M[0xc5][0x9b]!M[0xc5]{[0x14]([0x84]e[0x96][0xe5]+D[0x1a][0x19]a[0xf4][0x84]sSs3s2[0xb3]3[0x15][0x8a][0xb]R[0x8b]3[0xd3]2[0xb3]Ag[0xd5]T&[0xe6][0xa5]+$[0x16][0x80][0xcf][0xca][0x85]v*A[0x13][0xc0][0xa8]s[0xc0][0xe8][0xdd]o[0xa4]y83sR[0x6][0xb0][0xb0][0x9c]`[0x8f][0xa7][0xc4][0xa5]f[0xff][0x15]i[0x11][0x1][0xec][0xca][0x13][0xc7][0xd2][0x9c][0xcc]D[0x5]c[0x8c]p[0xca][0xcc][0xcb][0x4]-8[0x1]][0xf0][0xa6][0x90][0x8]W[0x3][\r][0x1c]|[0xeb][0xf7]P[0x82][0x85]^[0x13][0xa1]fHwXa[0x1f]d[0x1a][0xd8]10[0xa4][0xf5][0x7][0xd8][0x9d][0x87]k[0xc][0xc][0xe7]zm*[0x8c]f -\[0xc0][0xee][0xa8][0x1][0xe]3D[0x11][0x8f][0xdd]y[0xb8][0xc2][0xc]}[0xc2][0x9c][0x9a]9[0x8][0xe9][0xd4][0x1a]p[0xe][0xca]Vp[0xcf]L[0xcd][0xc1][0xc8]=![0xa0]C[0x8f][0xf3][0xd2]A[0xd7][0x1e]f[0x17]e[0x16][0x14]g"[0xdc]J[0xfc][0xe]#3[0xa4][0x15][0xb]H[0x96])d[0xa7][0xea]b[0x96]kT[0xb2][0x11][0x91]a[0xd1]l[0xc4],![0xa8]d#[0xa2][0x19][0x4][0xdf]^D[0xd3][0xfb][0x8b][0xcc][0x90][0xae][0xbd][0x2][0xfb]1[0xb9]D[0x81][0xa6][0x85] [0xd2]*[0x3]:[0xf9][0x10][0xe9]h[0x1c][0x1a]W[0xef][0x96][0xa4][0xd4]{X[0x8e][0xe6]$[0xfa][0xc8]F3[0xba][0xcd][0x9e][0x9b]Y[0xd2][0xab][0xab]f[0xe][0x1a][0xb7][0xa6]K[0x83][0xcf][0x1c][0xe9]h[0x15][0xda][0xa6][0x8]s[0xba][0x1d]Hbn@[0xb7]xB:[[0x84][0xc6][0xa1]g[0x88][0x18][0x1e][0xf5][0xc][0xf0][0xf0][0xf7]sU04U[0x8][0x8][0xf2][0xc7][0xa8]`<\[0xfd][0xdc][0x3][0xfc][0xfd][0x10][0xd5][0x8a][0x9][0xa8][0xdf][0x8f]s[0x12][0x4][0xa9]Qf[0x8e]4SOk[0xdf] [0xba]N[0xb4][0xf3][\r][0xa2][0xc6][0xa2][0xb5]o[0xe8][0x96][0xde][0x90]fLi[0xec]'#Dz[0xa3][0xb5]M[0xf4][0xaa])[0xcc][0x91]&[0xe9][0xdc][0x12][0xf3]J k[0xec]}[0x13][0x8b]@C[0xe8]>[0x89][0xb9][0x98][0xd7][0x92][0xb8][0x96](dd&[0x83][0xd6][0x1d][0xe5]#[\r][0x8a][0x83][0xc6]2[0x88][0xca]OH[0xf3]qI[0x89][0xc5][0xa9])Ei[0x99][0x15][0x18][0xf9][0x15],[0x93][0x9a][0x96]X[0x9a]S[0x92][0x2]Z[0xeb][0xf][0xed]H[0x99]Y[0x82][0xba][0xe2][0xc4]YC[0xaf]ajs[0xa4][0x9b]xh[0xd3][0x93]Fo[0xa0]#[0x97]NHw[0xf2][0xd0]8E[0xd2][0xed]P[0x2]s[0xba][0xcd]e[0x98][0xd3][0xed]L[0x2]s[0xa4][0xfe]'[0x8d][0xe3][0x9]ic9[0xad]mB[0xf4]Ehm[0x13]"3[0xd3][0xac]f[0x4]5[0x8][0xa0][0xad]K[0xfa]gc[0xa4][0xb9][0x81][0x1][0xb0][0x9c]n[0xb5][0x1a][0xd2][0xd5][0x19]4N1H[0xd7]W[0xc]@[0x80]"2[0xc6][0x0]X[0x8e]hw[\r][0x80][0xe5][0x88][0x8c]J[0xcb][0x91][0xb6][0x91][0xe][0x80][0xe5][0x88]U&[0x3]`9"[0x7][0xd3]c[0x8c][0xc6][0x9c]n[0xd3]I[0xe6]t[0xbb][0xe4][0xc2][0x1c]i:[0x9][0xfb][0xf8][0xe9][0x80][0xe][0xef][0x9a][0x83][0x1a][0xbe][0xd0][0xea][0x9][0xbb][0xf3][0x90][0xfa][0xb6][0xa0]5[0xcf]8[0x1b][0xc9]T[0x1c][0xde]5[0xa7][0xdb][0x1e]Us[0xa4][0x89]1[0xec][0xde][0x1f][0xd8][0xd8]A[0x9a]M[0xc3][0xee][0xbc][0x1][0x89][0x1d]D[0x1f]r[0x10]9[\n]"
12:04:05.616 [main] DEBUG org.apache.http.wire -  << "1[0x0][0x81][0xdd]Q[0x3][0x1c][0x91][0x88][0xda][0x13][0xbb][0xf3][0x6]$"[0x11][0xb5][0xea][0xe0]q[0xd4][0xe0][0x9e][0xe]3G[0xda][0x92];[0x88][0xc2][0xc][0x91]#]J[0xb3]K1[0x97]q#R[0x97][0x19][0xea]l:[0xbe]1[0x0][0x8b][0xc1][0x9d][0xa5][0x90][0xb6][0xc2][0xe][0xa2][0x98] [0x94][0xa5][0x6][0xb6][0x18]B[0xda][0x0];x[0xc2][0xc]i[0x7]+vG[\r]p[0x98]![0x86][0xcf][0xb1];[0xf][0x91][0xb9][0xe8][0xb6]q[0xc6][0x1c]i[0x1e][0xe][0xbb][0xa3][0x6]8[0xcc][0x6]cu[0x7]j[0xbe][0xe2]m[0xea][0xe]h[0x98]Y m[0xe2][0xc5][0x1e][0xa5][0x3][0x90][0xce],[0x90]6[0x1f][0xe][0xb5]u[0xc5][0x16]H[0xb3][0xad]C[0xcf][0xed][0x88][0x1a][0x1d]{b[0x18][0xe0][0xb4]J[0xa8]i0 i[0x15]1<F[0xdb]Q@[0xb][0xa4][0xed][0xe6]t[0x1f][0x94][0xb1]@[0x9a][0x6][0x1f][0x8c]I[0x3]i[0xee][0x1c][0xbb][0xf3][0x6]"i M[0xb6][0xf][0xb9][0xa2][0x0]i[0xf7]<[0xf6][0x0][0x1d][0xd8][0xa2][0x0]i[0x83]5v[0xe7][\r]H|[0xd3][0xad](@[0xda][0xf5]=[0xf4]R[0x16][0xa2][0xb3][0x2].0[0x1d][0x8b]2[0xd3][0x13][0xf3]K@[0xe7]o[0xa1][0xee][0x2][0xa6][0xca]q[0x8c][0x16]H[0xeb])[0x86]\P!mT[0xa7][0xcf][0xea]A[0xb][0xa4][\r][0xeb][0xe0][0xc8][0x9][0x8][0xa6][0xd1][0xe1][0x95][0x16]H[0x9b][0xce][0xe9][0xe5]7D[0xf3][0x81][0xd6]~[0xa3][A[0x80][0xb4][\r][0x9b][0xc6]~B[0xda]4M[0x13][0x9b]bk[0xb9][0x0][0x0][0x0][0x0][0xff][0xff]"
12:04:05.617 [main] DEBUG org.apache.http.wire -  << "[\r][\n]"
12:04:05.617 [main] DEBUG org.apache.http.wire -  << "A[\r][\n]"
12:04:05.617 [main] DEBUG org.apache.http.wire -  << "[0x3][0x0][0xa6]bRuv[0xa2][0x0][0x0]"
12:04:05.617 [main] DEBUG org.apache.http.wire -  << "[\r][\n]"
12:04:05.618 [main] DEBUG org.apache.http.wire -  << "0[\r][\n]"
12:04:05.618 [main] DEBUG org.apache.http.wire -  << "[\r][\n]"
12:04:05.618 [main] DEBUG io.restassured.internal.RestAssuredHttpBuilder - Parsed data to instance of: class org.apache.http.conn.EofSensorInputStream
12:04:05.622 [main] DEBUG org.apache.http.impl.conn.BasicClientConnectionManager - Releasing connection org.apache.http.impl.conn.ManagedClientConnectionImpl@5ac0bf84
12:04:05.622 [main] DEBUG org.apache.http.impl.conn.BasicClientConnectionManager - Connection can be kept alive indefinitely
12:04:05.815 [main] DEBUG net.thucydides.core.steps.StepInterceptor - STEP DONE: I send GET HTTP request product
  &amp#27;[32mWhen &amp#27;[0m&amp#27;[32mI send GET HTTP request product&amp#27;[0m        &amp#27;[90m# starter.stepdefinitions.ProductSteps.iSendGETHTTPRequestProduct()&amp#27;[0m
12:04:05.828 [main] DEBUG net.thucydides.core.steps.StepInterceptor - STARTING STEP: ProductSteps.iReceiveValidHTTPResponseCode - I receive valid HTTP response code 200
12:04:05.831 [main] DEBUG net.thucydides.core.steps.StepInterceptor - STEP DONE: I receive valid HTTP response code 200
  &amp#27;[32mThen &amp#27;[0m&amp#27;[32mI receive valid HTTP response code &amp#27;[0m&amp#27;[32m&amp#27;[1m200&amp#27;[0m &amp#27;[90m# starter.stepdefinitions.ProductSteps.iReceiveValidHTTPResponseCode(int)&amp#27;[0m
12:04:05.842 [main] DEBUG net.thucydides.core.steps.StepInterceptor - STARTING STEP: ProductSteps.iReceivedValidDataForAllProducts - I received valid data for all products
12:04:05.847 [main] DEBUG net.thucydides.core.steps.StepInterceptor - STEP DONE: I received valid data for all products
  &amp#27;[32mAnd &amp#27;[0m&amp#27;[32mI received valid data for all products&amp#27;[0m  &amp#27;[90m# starter.stepdefinitions.ProductSteps.iReceivedValidDataForAllProducts()&amp#27;[0m
12:04:05.853 [main] INFO  - 
  _____   ___   ___   _____     ___     _     ___   ___   ___   ___  
 |_   _| | __| / __| |_   _|   | _ \   /_\   / __| / __| | __| |   \ 
   | |   | _|  \__ \   | |     |  _/  / _ \  \__ \ \__ \ | _|  | |) |
   |_|   |___| |___/   |_|     |_|   /_/ \_\ |___/ |___/ |___| |___/ 

GET All Product
----------------------------------------------------------------------
]]></system-out>
  </testcase>
  <testcase name="GET Product by id" classname="Products" time="0.607">
    <system-out><![CDATA[
Scenario: GET Product by id                                              &amp#27;[90m# src/test/resources/api/Produk.feature:8&amp#27;[0m
12:04:05.973 [main] INFO io.cucumber.core.plugin.SerenityReporter - Running feature from file:///E:/mini%20peoject/RestAPi/src/test/resources/api/Produk.feature
12:04:05.973 [main] WARN io.cucumber.core.plugin.SerenityReporter - Feature from file:///E:/mini%20peoject/RestAPi/src/test/resources/api/Produk.feature is not under the 'features' directory. Requirements report will not be correctly generated!
12:04:05.981 [main] INFO  - 
  _____   ___   ___   _____     ___   _____     _     ___   _____   ___   ___  
 |_   _| | __| / __| |_   _|   / __| |_   _|   /_\   | _ \ |_   _| | __| |   \ 
   | |   | _|  \__ \   | |     \__ \   | |    / _ \  |   /   | |   | _|  | |) |
   |_|   |___| |___/   |_|     |___/   |_|   /_/ \_\ |_|_\   |_|   |___| |___/ 

GET Product by id(products;get-product-by-id)
--------------------------------------------------------------------------------
12:04:06.099 [main] DEBUG net.thucydides.core.steps.StepInterceptor - STARTING STEP: ProductSteps.iSetGETEndpointsById - I set GET endpoints by id
12:04:06.101 [main] DEBUG net.thucydides.core.steps.StepInterceptor - STEP DONE: I set GET endpoints by id
  &amp#27;[32mGiven &amp#27;[0m&amp#27;[32mI set GET endpoints by id&amp#27;[0m                                        &amp#27;[90m# starter.stepdefinitions.ProductSteps.iSetGETEndpointsById()&amp#27;[0m
12:04:06.113 [main] DEBUG net.thucydides.core.steps.StepInterceptor - STARTING STEP: ProductSteps.iSendGETHTTPRequestById - I send GET HTTP request by id
12:04:06.118 [main] DEBUG net.thucydides.core.steps.StepInterceptor - STARTING STEP: GetIdProduct.GETHTTPRequestById - I set GET endpoints by id
12:04:06.120 [main] DEBUG net.thucydides.core.steps.StepInterceptor - STEP DONE: I set GET endpoints by id
12:04:06.202 [main] DEBUG org.apache.http.impl.conn.BasicClientConnectionManager - Get connection for route {s}->https://altashop-api.fly.dev:443
12:04:06.203 [main] DEBUG org.apache.http.impl.conn.DefaultClientConnectionOperator - Connecting to altashop-api.fly.dev:443
12:04:06.343 [main] DEBUG org.apache.http.client.protocol.RequestAddCookies - CookieSpec selected: ignoreCookies
12:04:06.344 [main] DEBUG org.apache.http.client.protocol.RequestAuthCache - Auth cache not set in the context
12:04:06.344 [main] DEBUG org.apache.http.client.protocol.RequestProxyAuthentication - Proxy auth state: UNCHALLENGED
12:04:06.344 [main] DEBUG org.apache.http.impl.client.DefaultHttpClient - Attempt 1 to execute request
12:04:06.344 [main] DEBUG org.apache.http.impl.conn.DefaultClientConnection - Sending request: GET /api/products/13347 HTTP/1.1
12:04:06.344 [main] DEBUG org.apache.http.wire -  >> "GET /api/products/13347 HTTP/1.1[\r][\n]"
12:04:06.344 [main] DEBUG org.apache.http.wire -  >> "Authorization: Bearer eyJhbGciOiJIUzI1NiIsInR5cCI6IkpXVCJ9.eyJGdWxsbmFtZSI6IkdpdGEgTGVvbmkgZHdpIGZyaXAiLCJFbWFpbCI6ImdpdGFsZWUyMUBnbWFpbC5jb20ifQ.TGsRtCS1_W5fQoxLxVSMhDknX_uoRVw_0tYCGs1StVE[\r][\n]"
12:04:06.344 [main] DEBUG org.apache.http.wire -  >> "Accept: */*[\r][\n]"
12:04:06.345 [main] DEBUG org.apache.http.wire -  >> "Host: altashop-api.fly.dev[\r][\n]"
12:04:06.345 [main] DEBUG org.apache.http.wire -  >> "Connection: Keep-Alive[\r][\n]"
12:04:06.345 [main] DEBUG org.apache.http.wire -  >> "User-Agent: Apache-HttpClient/4.5.13 (Java/19.0.2)[\r][\n]"
12:04:06.345 [main] DEBUG org.apache.http.wire -  >> "Accept-Encoding: gzip,deflate[\r][\n]"
12:04:06.345 [main] DEBUG org.apache.http.wire -  >> "[\r][\n]"
12:04:06.345 [main] DEBUG org.apache.http.headers - >> GET /api/products/13347 HTTP/1.1
12:04:06.345 [main] DEBUG org.apache.http.headers - >> Authorization: Bearer eyJhbGciOiJIUzI1NiIsInR5cCI6IkpXVCJ9.eyJGdWxsbmFtZSI6IkdpdGEgTGVvbmkgZHdpIGZyaXAiLCJFbWFpbCI6ImdpdGFsZWUyMUBnbWFpbC5jb20ifQ.TGsRtCS1_W5fQoxLxVSMhDknX_uoRVw_0tYCGs1StVE
12:04:06.346 [main] DEBUG org.apache.http.headers - >> Accept: */*
12:04:06.346 [main] DEBUG org.apache.http.headers - >> Host: altashop-api.fly.dev
12:04:06.346 [main] DEBUG org.apache.http.headers - >> Connection: Keep-Alive
12:04:06.346 [main] DEBUG org.apache.http.headers - >> User-Agent: Apache-HttpClient/4.5.13 (Java/19.0.2)
12:04:06.346 [main] DEBUG org.apache.http.headers - >> Accept-Encoding: gzip,deflate
12:04:06.416 [main] DEBUG org.apache.http.wire -  << "HTTP/1.1 200 OK[\r][\n]"
12:04:06.417 [main] DEBUG org.apache.http.wire -  << "content-type: application/json[\r][\n]"
12:04:06.417 [main] DEBUG org.apache.http.wire -  << "date: Sun, 07 May 2023 05:04:07 GMT[\r][\n]"
12:04:06.417 [main] DEBUG org.apache.http.wire -  << "content-encoding: gzip[\r][\n]"
12:04:06.418 [main] DEBUG org.apache.http.wire -  << "transfer-encoding: chunked[\r][\n]"
12:04:06.418 [main] DEBUG org.apache.http.wire -  << "server: Fly/3f2597ca (2023-05-03)[\r][\n]"
12:04:06.418 [main] DEBUG org.apache.http.wire -  << "via: 1.1 fly.io[\r][\n]"
12:04:06.419 [main] DEBUG org.apache.http.wire -  << "fly-request-id: 01GZT9GZYPD21E7XQQXKWXQJJP-sin[\r][\n]"
12:04:06.419 [main] DEBUG org.apache.http.wire -  << "[\r][\n]"
12:04:06.420 [main] DEBUG org.apache.http.impl.conn.DefaultClientConnection - Receiving response: HTTP/1.1 200 OK
12:04:06.420 [main] DEBUG org.apache.http.headers - << HTTP/1.1 200 OK
12:04:06.420 [main] DEBUG org.apache.http.headers - << content-type: application/json
12:04:06.420 [main] DEBUG org.apache.http.headers - << date: Sun, 07 May 2023 05:04:07 GMT
12:04:06.420 [main] DEBUG org.apache.http.headers - << content-encoding: gzip
12:04:06.420 [main] DEBUG org.apache.http.headers - << transfer-encoding: chunked
12:04:06.420 [main] DEBUG org.apache.http.headers - << server: Fly/3f2597ca (2023-05-03)
12:04:06.420 [main] DEBUG org.apache.http.headers - << via: 1.1 fly.io
12:04:06.421 [main] DEBUG org.apache.http.headers - << fly-request-id: 01GZT9GZYPD21E7XQQXKWXQJJP-sin
12:04:06.421 [main] DEBUG org.apache.http.impl.client.DefaultHttpClient - Connection can be kept alive indefinitely
12:04:06.422 [main] DEBUG io.restassured.internal.RestAssuredHttpBuilder - Parsing response as: application/json
12:04:06.423 [main] DEBUG org.apache.http.wire -  << "95[\r][\n]"
12:04:06.424 [main] DEBUG org.apache.http.wire -  << "[0x1f][0x8b][0x8][0x0][0x0][0x0][0x0][0x0][0x4][0xff][0xab]VJI,IT[0xb2][0xaa]V[0xf2]tQ[0xb2]24661[0xd7]Q[0xf2]K[0xcc]MU[0xb2]R[0x8a]p[0xca][0xaf]P0T[0xd2]QrI-N.[0xca],([0xc9][0xcc][0xcf]S[0xb2]RR[0xd2]Q[\n]"
12:04:06.424 [main] DEBUG org.apache.http.wire -  << "([0xca]LNU[0xb2]2[0xb1][0xb4][0xd4]Q[\n]"
12:04:06.425 [main] DEBUG org.apache.http.wire -  << "J,[0xc9][0xcc]K/V[0xb2]2[0xd2]QrN,IM[0xcf]/[0xca]L-V[0xb2][0x8a][0x86][0x1a]idjb[0x8]7[0xd2]=173/[0x1d][0xc3]H[0xb7][0xfc]"[0x85]t[0xb0][0x94]BAiQA~qj[0xb1]Rmlm-[0x17][0x0]U`[0xb6][0xac][0x9f][0x0][0x0][0x0]"
12:04:06.425 [main] DEBUG org.apache.http.wire -  << "[\r][\n]"
12:04:06.426 [main] DEBUG org.apache.http.wire -  << "0[\r][\n]"
12:04:06.426 [main] DEBUG org.apache.http.wire -  << "[\r][\n]"
12:04:06.426 [main] DEBUG io.restassured.internal.RestAssuredHttpBuilder - Parsed data to instance of: class org.apache.http.conn.EofSensorInputStream
12:04:06.432 [main] DEBUG org.apache.http.impl.conn.BasicClientConnectionManager - Releasing connection org.apache.http.impl.conn.ManagedClientConnectionImpl@1397b141
12:04:06.432 [main] DEBUG org.apache.http.impl.conn.BasicClientConnectionManager - Connection can be kept alive indefinitely
12:04:06.435 [main] DEBUG net.thucydides.core.steps.StepInterceptor - STEP DONE: I send GET HTTP request by id
  &amp#27;[32mWhen &amp#27;[0m&amp#27;[32mI send GET HTTP request by id&amp#27;[0m                                     &amp#27;[90m# starter.stepdefinitions.ProductSteps.iSendGETHTTPRequestById()&amp#27;[0m
12:04:06.449 [main] DEBUG net.thucydides.core.steps.StepInterceptor - STARTING STEP: ProductSteps.iReceiveAValidHTTPResponseCodeForGetIdDataProducts - I receive a valid HTTP response code 200 for Get id data products
12:04:06.452 [main] DEBUG net.thucydides.core.steps.StepInterceptor - STEP DONE: I receive a valid HTTP response code 200 for Get id data products
  &amp#27;[32mThen &amp#27;[0m&amp#27;[32mI receive a valid HTTP response code &amp#27;[0m&amp#27;[32m&amp#27;[1m200&amp#27;[0m&amp#27;[32m for Get id data products&amp#27;[0m &amp#27;[90m# starter.stepdefinitions.ProductSteps.iReceiveAValidHTTPResponseCodeForGetIdDataProducts(int)&amp#27;[0m
12:04:06.476 [main] DEBUG net.thucydides.core.steps.StepInterceptor - STARTING STEP: ProductSteps.iReceiveValidDataForIdProducts - I receive valid data for id products
12:04:06.477 [main] DEBUG net.thucydides.core.steps.StepInterceptor - STEP DONE: I receive valid data for id products
  &amp#27;[32mAnd &amp#27;[0m&amp#27;[32mI receive valid data for id products&amp#27;[0m                               &amp#27;[90m# starter.stepdefinitions.ProductSteps.iReceiveValidDataForIdProducts()&amp#27;[0m
12:04:06.482 [main] INFO  - 
  _____   ___   ___   _____     ___     _     ___   ___   ___   ___  
 |_   _| | __| / __| |_   _|   | _ \   /_\   / __| / __| | __| |   \ 
   | |   | _|  \__ \   | |     |  _/  / _ \  \__ \ \__ \ | _|  | |) |
   |_|   |___| |___/   |_|     |_|   /_/ \_\ |___/ |___/ |___| |___/ 

GET Product by id
----------------------------------------------------------------------
]]></system-out>
  </testcase>
  <testcase name="Add new product" classname="Products" time="0.846">
    <system-out><![CDATA[
Scenario: Add new product                                        &amp#27;[90m# src/test/resources/api/Produk.feature:14&amp#27;[0m
12:04:06.808 [main] INFO io.cucumber.core.plugin.SerenityReporter - Running feature from file:///E:/mini%20peoject/RestAPi/src/test/resources/api/Produk.feature
12:04:06.808 [main] WARN io.cucumber.core.plugin.SerenityReporter - Feature from file:///E:/mini%20peoject/RestAPi/src/test/resources/api/Produk.feature is not under the 'features' directory. Requirements report will not be correctly generated!
12:04:06.817 [main] INFO  - 
  _____   ___   ___   _____     ___   _____     _     ___   _____   ___   ___  
 |_   _| | __| / __| |_   _|   / __| |_   _|   /_\   | _ \ |_   _| | __| |   \ 
   | |   | _|  \__ \   | |     \__ \   | |    / _ \  |   /   | |   | _|  | |) |
   |_|   |___| |___/   |_|     |___/   |_|   /_/ \_\ |_|_\   |_|   |___| |___/ 

Add new product(products;add-new-product)
--------------------------------------------------------------------------------
12:04:06.952 [main] DEBUG net.thucydides.core.steps.StepInterceptor - STARTING STEP: ProductSteps.iSetPOSTEndpointsProduct - I set POST endpoints product
12:04:06.953 [main] DEBUG net.thucydides.core.steps.StepInterceptor - STEP DONE: I set POST endpoints product
  &amp#27;[32mGiven &amp#27;[0m&amp#27;[32mI set POST endpoints product&amp#27;[0m                             &amp#27;[90m# starter.stepdefinitions.ProductSteps.iSetPOSTEndpointsProduct()&amp#27;[0m
12:04:06.970 [main] DEBUG net.thucydides.core.steps.StepInterceptor - STARTING STEP: ProductSteps.iSubmitAPOSTRequestToWithNameDescriptionPriceAndCategories - I submit a POST request product
12:04:07.008 [main] DEBUG net.thucydides.core.steps.StepInterceptor - STARTING STEP: PostProduct.POSTRequestToWithNameDescriptionPriceAndCategories - I set POST endpoints product
12:04:07.009 [main] DEBUG net.thucydides.core.steps.StepInterceptor - STEP DONE: I set POST endpoints product
12:04:07.126 [main] DEBUG org.apache.http.impl.conn.BasicClientConnectionManager - Get connection for route {s}->https://altashop-api.fly.dev:443
12:04:07.126 [main] DEBUG org.apache.http.impl.conn.DefaultClientConnectionOperator - Connecting to altashop-api.fly.dev:443
12:04:07.259 [main] DEBUG org.apache.http.client.protocol.RequestAddCookies - CookieSpec selected: ignoreCookies
12:04:07.259 [main] DEBUG org.apache.http.client.protocol.RequestAuthCache - Auth cache not set in the context
12:04:07.259 [main] DEBUG org.apache.http.client.protocol.RequestProxyAuthentication - Proxy auth state: UNCHALLENGED
12:04:07.260 [main] DEBUG org.apache.http.impl.client.DefaultHttpClient - Attempt 1 to execute request
12:04:07.261 [main] DEBUG org.apache.http.impl.conn.DefaultClientConnection - Sending request: POST /api/products HTTP/1.1
12:04:07.261 [main] DEBUG org.apache.http.wire -  >> "POST /api/products HTTP/1.1[\r][\n]"
12:04:07.261 [main] DEBUG org.apache.http.wire -  >> "Authorization: Bearer eyJhbGciOiJIUzI1NiIsInR5cCI6IkpXVCJ9.eyJGdWxsbmFtZSI6IkdpdGEgTGVvbmkgZHdpIGZyaXAiLCJFbWFpbCI6ImdpdGFsZWUyMUBnbWFpbC5jb20ifQ.TGsRtCS1_W5fQoxLxVSMhDknX_uoRVw_0tYCGs1StVE[\r][\n]"
12:04:07.261 [main] DEBUG org.apache.http.wire -  >> "Accept: */*[\r][\n]"
12:04:07.262 [main] DEBUG org.apache.http.wire -  >> "Content-Type: application/json[\r][\n]"
12:04:07.262 [main] DEBUG org.apache.http.wire -  >> "Content-Length: 105[\r][\n]"
12:04:07.262 [main] DEBUG org.apache.http.wire -  >> "Host: altashop-api.fly.dev[\r][\n]"
12:04:07.262 [main] DEBUG org.apache.http.wire -  >> "Connection: Keep-Alive[\r][\n]"
12:04:07.262 [main] DEBUG org.apache.http.wire -  >> "User-Agent: Apache-HttpClient/4.5.13 (Java/19.0.2)[\r][\n]"
12:04:07.262 [main] DEBUG org.apache.http.wire -  >> "Accept-Encoding: gzip,deflate[\r][\n]"
12:04:07.262 [main] DEBUG org.apache.http.wire -  >> "[\r][\n]"
12:04:07.262 [main] DEBUG org.apache.http.headers - >> POST /api/products HTTP/1.1
12:04:07.262 [main] DEBUG org.apache.http.headers - >> Authorization: Bearer eyJhbGciOiJIUzI1NiIsInR5cCI6IkpXVCJ9.eyJGdWxsbmFtZSI6IkdpdGEgTGVvbmkgZHdpIGZyaXAiLCJFbWFpbCI6ImdpdGFsZWUyMUBnbWFpbC5jb20ifQ.TGsRtCS1_W5fQoxLxVSMhDknX_uoRVw_0tYCGs1StVE
12:04:07.262 [main] DEBUG org.apache.http.headers - >> Accept: */*
12:04:07.262 [main] DEBUG org.apache.http.headers - >> Content-Type: application/json
12:04:07.262 [main] DEBUG org.apache.http.headers - >> Content-Length: 105
12:04:07.262 [main] DEBUG org.apache.http.headers - >> Host: altashop-api.fly.dev
12:04:07.263 [main] DEBUG org.apache.http.headers - >> Connection: Keep-Alive
12:04:07.263 [main] DEBUG org.apache.http.headers - >> User-Agent: Apache-HttpClient/4.5.13 (Java/19.0.2)
12:04:07.263 [main] DEBUG org.apache.http.headers - >> Accept-Encoding: gzip,deflate
12:04:07.263 [main] DEBUG org.apache.http.wire -  >> "{"price":100,"name":"kipas angin","description":"mengeluarkan angin sangat kencang","categories":[12541]}"
12:04:07.302 [main] DEBUG org.apache.http.wire -  << "HTTP/1.1 200 OK[\r][\n]"
12:04:07.305 [main] DEBUG org.apache.http.wire -  << "content-type: application/json[\r][\n]"
12:04:07.306 [main] DEBUG org.apache.http.wire -  << "date: Sun, 07 May 2023 05:04:08 GMT[\r][\n]"
12:04:07.306 [main] DEBUG org.apache.http.wire -  << "content-encoding: gzip[\r][\n]"
12:04:07.308 [main] DEBUG org.apache.http.wire -  << "transfer-encoding: chunked[\r][\n]"
12:04:07.308 [main] DEBUG org.apache.http.wire -  << "server: Fly/3f2597ca (2023-05-03)[\r][\n]"
12:04:07.308 [main] DEBUG org.apache.http.wire -  << "via: 1.1 fly.io[\r][\n]"
12:04:07.308 [main] DEBUG org.apache.http.wire -  << "fly-request-id: 01GZT9H0V0FHFT5YYXTJ6Z4WXQ-sin[\r][\n]"
12:04:07.308 [main] DEBUG org.apache.http.wire -  << "[\r][\n]"
12:04:07.308 [main] DEBUG org.apache.http.impl.conn.DefaultClientConnection - Receiving response: HTTP/1.1 200 OK
12:04:07.308 [main] DEBUG org.apache.http.headers - << HTTP/1.1 200 OK
12:04:07.308 [main] DEBUG org.apache.http.headers - << content-type: application/json
12:04:07.308 [main] DEBUG org.apache.http.headers - << date: Sun, 07 May 2023 05:04:08 GMT
12:04:07.308 [main] DEBUG org.apache.http.headers - << content-encoding: gzip
12:04:07.309 [main] DEBUG org.apache.http.headers - << transfer-encoding: chunked
12:04:07.309 [main] DEBUG org.apache.http.headers - << server: Fly/3f2597ca (2023-05-03)
12:04:07.309 [main] DEBUG org.apache.http.headers - << via: 1.1 fly.io
12:04:07.309 [main] DEBUG org.apache.http.headers - << fly-request-id: 01GZT9H0V0FHFT5YYXTJ6Z4WXQ-sin
12:04:07.310 [main] DEBUG org.apache.http.impl.client.DefaultHttpClient - Connection can be kept alive indefinitely
12:04:07.310 [main] DEBUG io.restassured.internal.RestAssuredHttpBuilder - Parsing response as: application/json
12:04:07.311 [main] DEBUG org.apache.http.wire -  << "B6[\r][\n]"
12:04:07.311 [main] DEBUG org.apache.http.wire -  << "[0x1f][0x8b][0x8][0x0][0x0][0x0][0x0][0x0][0x4][0xff][0xab]VJI,IT[0xb2][0xaa]V[0xf2]tQ[0xb2]24[0xb6]06[0xd4]Q[0xf2]K[0xcc]MU[0xb2]R[0xca][0xce],H,VH[0xcc]K[0xcf][0xcc]S[0xd2]QrI-N.[0xca],([0xc9][0xcc][0xcf]S[0xb2]R[0xca]M[0xcd]KO[0xcd])M,[0xca]N[0xcc][0x83](Q(N[0xcc]KO,Q[0xc8]N[0xcd]KN[0xcc]KW[0xd2]Q[\n]"
12:04:07.311 [main] DEBUG org.apache.http.wire -  << "([0xca]LNU[0xb2]240[0xd0]Q[\n]"
12:04:07.311 [main] DEBUG org.apache.http.wire -  << "J,[0xc9][0xcc]K/V[0xb2]2[0xd0]QrN,IM[0xcf]/[0xca]L-V[0xb2][0x8a][0x86]Zldj[0x82][0xb0][0xd8]=17[0x13]l[0x2][0xaa][0x9d]n[0xf9]E[\n]"
12:04:07.311 [main] DEBUG org.apache.http.wire -  << "[0xe9]`)[0x85][0x82][0xd2][0xa2][0x82][0xfc][0xe2][0xd4]b[0xa5][0xda][0xd8][0xda]Z.[0x0][0xdc]J[0xe0]z[0xc5][0x0][0x0][0x0]"
12:04:07.311 [main] DEBUG org.apache.http.wire -  << "[\r][\n]"
12:04:07.312 [main] DEBUG org.apache.http.wire -  << "0[\r][\n]"
12:04:07.312 [main] DEBUG org.apache.http.wire -  << "[\r][\n]"
12:04:07.312 [main] DEBUG io.restassured.internal.RestAssuredHttpBuilder - Parsed data to instance of: class org.apache.http.conn.EofSensorInputStream
12:04:07.315 [main] DEBUG org.apache.http.impl.conn.BasicClientConnectionManager - Releasing connection org.apache.http.impl.conn.ManagedClientConnectionImpl@38fc34fd
12:04:07.315 [main] DEBUG org.apache.http.impl.conn.BasicClientConnectionManager - Connection can be kept alive indefinitely
12:04:07.317 [main] DEBUG net.thucydides.core.steps.StepInterceptor - STEP DONE: I submit a POST request product
  &amp#27;[32mWhen &amp#27;[0m&amp#27;[32mI submit a POST request product&amp#27;[0m                           &amp#27;[90m# starter.stepdefinitions.ProductSteps.iSubmitAPOSTRequestToWithNameDescriptionPriceAndCategories()&amp#27;[0m
12:04:07.329 [main] DEBUG net.thucydides.core.steps.StepInterceptor - STARTING STEP: ProductSteps.iReceiveAValidHTTPResponseCodeInProductsPOST - I receive a valid HTTP response code 200 in products POST
12:04:07.331 [main] DEBUG net.thucydides.core.steps.StepInterceptor - STEP DONE: I receive a valid HTTP response code 200 in products POST
[...]
12:04:11.712 [main] DEBUG org.apache.http.wire -  << "[\r][\n]"
12:04:11.713 [main] DEBUG io.restassured.internal.RestAssuredHttpBuilder - Parsed data to instance of: class org.apache.http.conn.EofSensorInputStream
12:04:11.715 [main] DEBUG org.apache.http.impl.conn.BasicClientConnectionManager - Releasing connection org.apache.http.impl.conn.ManagedClientConnectionImpl@483ed60e
12:04:11.716 [main] DEBUG org.apache.http.impl.conn.BasicClientConnectionManager - Connection can be kept alive indefinitely
12:04:11.716 [main] DEBUG net.thucydides.core.steps.StepInterceptor - STEP DONE: I send HTTP api POST request
  &amp#27;[32mWhen &amp#27;[0m&amp#27;[32mI send HTTP api POST request&amp#27;[0m                                      &amp#27;[90m# starter.stepdefinitions.ProductCategorySteps.iSendHTTPApiPOSTRequest()&amp#27;[0m
12:04:11.731 [main] DEBUG net.thucydides.core.steps.StepInterceptor - STARTING STEP: ProductCategorySteps.iReceiveValidHTTPResponseCodeInProductCategory - I receive valid HTTP response code 200 in product category
12:04:11.733 [main] DEBUG net.thucydides.core.steps.StepInterceptor - STEP DONE: I receive valid HTTP response code 200 in product category
  &amp#27;[32mThen &amp#27;[0m&amp#27;[32mI receive valid HTTP response code &amp#27;[0m&amp#27;[32m&amp#27;[1m200&amp#27;[0m&amp#27;[32m in product category&amp#27;[0m        &amp#27;[90m# starter.stepdefinitions.ProductCategorySteps.iReceiveValidHTTPResponseCodeInProductCategory(int)&amp#27;[0m
12:04:11.743 [main] DEBUG net.thucydides.core.steps.StepInterceptor - STARTING STEP: ProductCategorySteps.iReceiveValidDataForNewProductCategory - I receive valid data for new product category
12:04:11.745 [main] DEBUG net.thucydides.core.steps.StepInterceptor - STEP DONE: I receive valid data for new product category
  &amp#27;[32mAnd &amp#27;[0m&amp#27;[32mI receive valid data for new product category&amp#27;[0m                      &amp#27;[90m# starter.stepdefinitions.ProductCategorySteps.iReceiveValidDataForNewProductCategory()&amp#27;[0m
12:04:11.749 [main] INFO  - 
  _____   ___   ___   _____     ___     _     ___   ___   ___   ___  
 |_   _| | __| / __| |_   _|   | _ \   /_\   / __| / __| | __| |   \ 
   | |   | _|  \__ \   | |     |  _/  / _ \  \__ \ \__ \ | _|  | |) |
   |_|   |___| |___/   |_|     |_|   /_/ \_\ |___/ |___/ |___| |___/ 

POST As an admin I have be able to create new product category
----------------------------------------------------------------------
]]></system-out>
  </testcase>
  <testcase name="GET id product category" classname="category" time="0.359">
    <system-out><![CDATA[
Scenario: GET id product category                                         &amp#27;[90m# src/test/resources/api/productcategory.feature:14&amp#27;[0m
12:04:11.779 [main] INFO io.cucumber.core.plugin.SerenityReporter - Running feature from file:///E:/mini%20peoject/RestAPi/src/test/resources/api/productcategory.feature
12:04:11.779 [main] WARN io.cucumber.core.plugin.SerenityReporter - Feature from file:///E:/mini%20peoject/RestAPi/src/test/resources/api/productcategory.feature is not under the 'features' directory. Requirements report will not be correctly generated!
12:04:11.782 [main] INFO  - 
  _____   ___   ___   _____     ___   _____     _     ___   _____   ___   ___  
 |_   _| | __| / __| |_   _|   / __| |_   _|   /_\   | _ \ |_   _| | __| |   \ 
   | |   | _|  \__ \   | |     \__ \   | |    / _ \  |   /   | |   | _|  | |) |
   |_|   |___| |___/   |_|     |___/   |_|   /_/ \_\ |_|_\   |_|   |___| |___/ 

GET id product category(category;get-id-product-category)
--------------------------------------------------------------------------------
12:04:11.817 [main] DEBUG net.thucydides.core.steps.StepInterceptor - STARTING STEP: ProductCategorySteps.iSetTheGETApiEndpointsByIdcategory - I set the GET api endpoints by id
12:04:11.818 [main] DEBUG net.thucydides.core.steps.StepInterceptor - STEP DONE: I set the GET api endpoints by id
  &amp#27;[32mGiven &amp#27;[0m&amp#27;[32mI set the GET api endpoints by id&amp#27;[0m                                 &amp#27;[90m# starter.stepdefinitions.ProductCategorySteps.iSetTheGETApiEndpointsByIdcategory()&amp#27;[0m
12:04:11.833 [main] DEBUG net.thucydides.core.steps.StepInterceptor - STARTING STEP: ProductCategorySteps.iSendHTTPApiGETRequestByIdcategory - I send HTTP api GET request by id
12:04:11.845 [main] DEBUG net.thucydides.core.steps.StepInterceptor - STARTING STEP: GetIdProductCategory.GETRequestByIdcategory - I set the GET api endpoints by id
12:04:11.845 [main] DEBUG net.thucydides.core.steps.StepInterceptor - STEP DONE: I set the GET api endpoints by id
12:04:11.893 [main] DEBUG org.apache.http.impl.conn.BasicClientConnectionManager - Get connection for route {s}->https://altashop-api.fly.dev:443
12:04:11.894 [main] DEBUG org.apache.http.impl.conn.DefaultClientConnectionOperator - Connecting to altashop-api.fly.dev:443
12:04:12.048 [main] DEBUG org.apache.http.client.protocol.RequestAddCookies - CookieSpec selected: ignoreCookies
12:04:12.048 [main] DEBUG org.apache.http.client.protocol.RequestAuthCache - Auth cache not set in the context
12:04:12.048 [main] DEBUG org.apache.http.client.protocol.RequestTargetAuthentication - Target auth state: UNCHALLENGED
12:04:12.048 [main] DEBUG org.apache.http.client.protocol.RequestProxyAuthentication - Proxy auth state: UNCHALLENGED
12:04:12.048 [main] DEBUG org.apache.http.impl.client.DefaultHttpClient - Attempt 1 to execute request
12:04:12.048 [main] DEBUG org.apache.http.impl.conn.DefaultClientConnection - Sending request: GET /api/categories/12505 HTTP/1.1
12:04:12.048 [main] DEBUG org.apache.http.wire -  >> "GET /api/categories/12505 HTTP/1.1[\r][\n]"
12:04:12.048 [main] DEBUG org.apache.http.wire -  >> "Accept: */*[\r][\n]"
12:04:12.048 [main] DEBUG org.apache.http.wire -  >> "Host: altashop-api.fly.dev[\r][\n]"
12:04:12.048 [main] DEBUG org.apache.http.wire -  >> "Connection: Keep-Alive[\r][\n]"
12:04:12.048 [main] DEBUG org.apache.http.wire -  >> "User-Agent: Apache-HttpClient/4.5.13 (Java/19.0.2)[\r][\n]"
12:04:12.048 [main] DEBUG org.apache.http.wire -  >> "Accept-Encoding: gzip,deflate[\r][\n]"
12:04:12.048 [main] DEBUG org.apache.http.wire -  >> "[\r][\n]"
12:04:12.048 [main] DEBUG org.apache.http.headers - >> GET /api/categories/12505 HTTP/1.1
12:04:12.048 [main] DEBUG org.apache.http.headers - >> Accept: */*
12:04:12.048 [main] DEBUG org.apache.http.headers - >> Host: altashop-api.fly.dev
12:04:12.048 [main] DEBUG org.apache.http.headers - >> Connection: Keep-Alive
12:04:12.048 [main] DEBUG org.apache.http.headers - >> User-Agent: Apache-HttpClient/4.5.13 (Java/19.0.2)
12:04:12.048 [main] DEBUG org.apache.http.headers - >> Accept-Encoding: gzip,deflate
12:04:12.081 [main] DEBUG org.apache.http.wire -  << "HTTP/1.1 200 OK[\r][\n]"
12:04:12.081 [main] DEBUG org.apache.http.wire -  << "content-type: application/json[\r][\n]"
12:04:12.081 [main] DEBUG org.apache.http.wire -  << "date: Sun, 07 May 2023 05:04:13 GMT[\r][\n]"
12:04:12.082 [main] DEBUG org.apache.http.wire -  << "content-encoding: gzip[\r][\n]"
12:04:12.082 [main] DEBUG org.apache.http.wire -  << "transfer-encoding: chunked[\r][\n]"
12:04:12.082 [main] DEBUG org.apache.http.wire -  << "server: Fly/3f2597ca (2023-05-03)[\r][\n]"
12:04:12.082 [main] DEBUG org.apache.http.wire -  << "via: 1.1 fly.io[\r][\n]"
12:04:12.082 [main] DEBUG org.apache.http.wire -  << "fly-request-id: 01GZT9H5GGE3NDXZVCNNN0X3WB-sin[\r][\n]"
12:04:12.082 [main] DEBUG org.apache.http.wire -  << "[\r][\n]"
12:04:12.082 [main] DEBUG org.apache.http.impl.conn.DefaultClientConnection - Receiving response: HTTP/1.1 200 OK
12:04:12.082 [main] DEBUG org.apache.http.headers - << HTTP/1.1 200 OK
12:04:12.082 [main] DEBUG org.apache.http.headers - << content-type: application/json
12:04:12.082 [main] DEBUG org.apache.http.headers - << date: Sun, 07 May 2023 05:04:13 GMT
12:04:12.082 [main] DEBUG org.apache.http.headers - << content-encoding: gzip
12:04:12.082 [main] DEBUG org.apache.http.headers - << transfer-encoding: chunked
12:04:12.082 [main] DEBUG org.apache.http.headers - << server: Fly/3f2597ca (2023-05-03)
12:04:12.082 [main] DEBUG org.apache.http.headers - << via: 1.1 fly.io
12:04:12.082 [main] DEBUG org.apache.http.headers - << fly-request-id: 01GZT9H5GGE3NDXZVCNNN0X3WB-sin
12:04:12.082 [main] DEBUG org.apache.http.impl.client.DefaultHttpClient - Connection can be kept alive indefinitely
12:04:12.083 [main] DEBUG io.restassured.internal.RestAssuredHttpBuilder - Parsing response as: application/json
12:04:12.083 [main] DEBUG org.apache.http.wire -  << "61[\r][\n]"
12:04:12.083 [main] DEBUG org.apache.http.wire -  << "[0x1f][0x8b][0x8][0x0][0x0][0x0][0x0][0x0][0x4][0xff][0xab]VJI,IT[0xb2][0xaa]V[0xf2]tQ[0xb2]24250[0xd5]Q[0xf2]K[0xcc]MU[0xb2]Rr+-[0xca][0xcb],)-JU[0xd2]QrI-N.[0xca],([0xc9][0xcc][0xcf]S[0xb2]RJ[0xcb]/RHO[0xcc][0xcd][0xcc]KW((-*[0xc8]/N-V[0xaa][0xad][0xe5][0x2][0x0][0x83]Pt[0x8e]M[0x0][0x0][0x0]"
12:04:12.083 [main] DEBUG org.apache.http.wire -  << "[\r][\n]"
12:04:12.083 [main] DEBUG org.apache.http.wire -  << "0[\r][\n]"
12:04:12.083 [main] DEBUG org.apache.http.wire -  << "[\r][\n]"
12:04:12.083 [main] DEBUG io.restassured.internal.RestAssuredHttpBuilder - Parsed data to instance of: class org.apache.http.conn.EofSensorInputStream
12:04:12.087 [main] DEBUG org.apache.http.impl.conn.BasicClientConnectionManager - Releasing connection org.apache.http.impl.conn.ManagedClientConnectionImpl@57ed8f95
12:04:12.088 [main] DEBUG org.apache.http.impl.conn.BasicClientConnectionManager - Connection can be kept alive indefinitely
12:04:12.089 [main] DEBUG net.thucydides.core.steps.StepInterceptor - STEP DONE: I send HTTP api GET request by id
  &amp#27;[32mWhen &amp#27;[0m&amp#27;[32mI send HTTP api GET request by id&amp#27;[0m                                  &amp#27;[90m# starter.stepdefinitions.ProductCategorySteps.iSendHTTPApiGETRequestByIdcategory()&amp#27;[0m
12:04:12.098 [main] DEBUG net.thucydides.core.steps.StepInterceptor - STARTING STEP: ProductCategorySteps.iReceiveValidHTTPResponseCodeForGETIdProductCategory - I receive valid HTTP response code 200 for GET id product category
12:04:12.100 [main] DEBUG net.thucydides.core.steps.StepInterceptor - STEP DONE: I receive valid HTTP response code 200 for GET id product category
  &amp#27;[32mThen &amp#27;[0m&amp#27;[32mI receive valid HTTP response code &amp#27;[0m&amp#27;[32m&amp#27;[1m200&amp#27;[0m&amp#27;[32m for GET id product category&amp#27;[0m &amp#27;[90m# starter.stepdefinitions.ProductCategorySteps.iReceiveValidHTTPResponseCodeForGETIdProductCategory(int)&amp#27;[0m
12:04:12.108 [main] DEBUG net.thucydides.core.steps.StepInterceptor - STARTING STEP: ProductCategorySteps.iReceivedValidDataForIdProductCategory - I received valid data for id product category
12:04:12.108 [main] DEBUG net.thucydides.core.steps.StepInterceptor - STEP DONE: I received valid data for id product category
  &amp#27;[32mAnd &amp#27;[0m&amp#27;[32mI received valid data for id product category&amp#27;[0m                       &amp#27;[90m# starter.stepdefinitions.ProductCategorySteps.iReceivedValidDataForIdProductCategory()&amp#27;[0m
12:04:12.112 [main] INFO  - 
  _____   ___   ___   _____     ___     _     ___   ___   ___   ___  
 |_   _| | __| / __| |_   _|   | _ \   /_\   / __| / __| | __| |   \ 
   | |   | _|  \__ \   | |     |  _/  / _ \  \__ \ \__ \ | _|  | |) |
   |_|   |___| |___/   |_|     |_|   /_/ \_\ |___/ |___/ |___| |___/ 

GET id product category
----------------------------------------------------------------------
]]></system-out>
  </testcase>
  <testcase name="DELETE category" classname="category" time="0.264">
    <system-out><![CDATA[
Scenario: DELETE category                                         &amp#27;[90m# src/test/resources/api/productcategory.feature:20&amp#27;[0m
12:04:12.136 [main] INFO io.cucumber.core.plugin.SerenityReporter - Running feature from file:///E:/mini%20peoject/RestAPi/src/test/resources/api/productcategory.feature
12:04:12.136 [main] WARN io.cucumber.core.plugin.SerenityReporter - Feature from file:///E:/mini%20peoject/RestAPi/src/test/resources/api/productcategory.feature is not under the 'features' directory. Requirements report will not be correctly generated!
12:04:12.141 [main] INFO  - 
  _____   ___   ___   _____     ___   _____     _     ___   _____   ___   ___  
 |_   _| | __| / __| |_   _|   / __| |_   _|   /_\   | _ \ |_   _| | __| |   \ 
   | |   | _|  \__ \   | |     \__ \   | |    / _ \  |   /   | |   | _|  | |) |
   |_|   |___| |___/   |_|     |___/   |_|   /_/ \_\ |_|_\   |_|   |___| |___/ 

DELETE category(category;delete-category)
--------------------------------------------------------------------------------
12:04:12.183 [main] DEBUG net.thucydides.core.steps.StepInterceptor - STARTING STEP: ProductCategorySteps.iSetTheDELETEApiEndpointscategory - I set the DELETE api endpoints
12:04:12.184 [main] DEBUG net.thucydides.core.steps.StepInterceptor - STEP DONE: I set the DELETE api endpoints
  &amp#27;[32mGiven &amp#27;[0m&amp#27;[32mI set the DELETE api endpoints&amp#27;[0m                            &amp#27;[90m# starter.stepdefinitions.ProductCategorySteps.iSetTheDELETEApiEndpointscategory()&amp#27;[0m
12:04:12.192 [main] DEBUG net.thucydides.core.steps.StepInterceptor - STARTING STEP: ProductCategorySteps.iSendHTTPApiDELETERequestForCategory - I send HTTP api DELETE request for category
12:04:12.195 [main] DEBUG net.thucydides.core.steps.StepInterceptor - STARTING STEP: DeleteProductCategory.DELETERequestForCategory - I set the DELETE api endpoints
12:04:12.196 [main] DEBUG net.thucydides.core.steps.StepInterceptor - STEP DONE: I set the DELETE api endpoints
12:04:12.224 [main] DEBUG org.apache.http.impl.conn.BasicClientConnectionManager - Get connection for route {s}->https://altashop-api.fly.dev:443
12:04:12.224 [main] DEBUG org.apache.http.impl.conn.DefaultClientConnectionOperator - Connecting to altashop-api.fly.dev:443
12:04:12.326 [main] DEBUG org.apache.http.client.protocol.RequestAddCookies - CookieSpec selected: ignoreCookies
12:04:12.326 [main] DEBUG org.apache.http.client.protocol.RequestAuthCache - Auth cache not set in the context
12:04:12.326 [main] DEBUG org.apache.http.client.protocol.RequestTargetAuthentication - Target auth state: UNCHALLENGED
12:04:12.326 [main] DEBUG org.apache.http.client.protocol.RequestProxyAuthentication - Proxy auth state: UNCHALLENGED
12:04:12.326 [main] DEBUG org.apache.http.impl.client.DefaultHttpClient - Attempt 1 to execute request
12:04:12.326 [main] DEBUG org.apache.http.impl.conn.DefaultClientConnection - Sending request: DELETE /api/categories/11320 HTTP/1.1
12:04:12.326 [main] DEBUG org.apache.http.wire -  >> "DELETE /api/categories/11320 HTTP/1.1[\r][\n]"
12:04:12.326 [main] DEBUG org.apache.http.wire -  >> "Accept: */*[\r][\n]"
12:04:12.326 [main] DEBUG org.apache.http.wire -  >> "Host: altashop-api.fly.dev[\r][\n]"
12:04:12.326 [main] DEBUG org.apache.http.wire -  >> "Connection: Keep-Alive[\r][\n]"
12:04:12.327 [main] DEBUG org.apache.http.wire -  >> "User-Agent: Apache-HttpClient/4.5.13 (Java/19.0.2)[\r][\n]"
12:04:12.327 [main] DEBUG org.apache.http.wire -  >> "Accept-Encoding: gzip,deflate[\r][\n]"
12:04:12.327 [main] DEBUG org.apache.http.wire -  >> "[\r][\n]"
12:04:12.327 [main] DEBUG org.apache.http.headers - >> DELETE /api/categories/11320 HTTP/1.1
12:04:12.327 [main] DEBUG org.apache.http.headers - >> Accept: */*
12:04:12.327 [main] DEBUG org.apache.http.headers - >> Host: altashop-api.fly.dev
12:04:12.327 [main] DEBUG org.apache.http.headers - >> Connection: Keep-Alive
12:04:12.327 [main] DEBUG org.apache.http.headers - >> User-Agent: Apache-HttpClient/4.5.13 (Java/19.0.2)
12:04:12.327 [main] DEBUG org.apache.http.headers - >> Accept-Encoding: gzip,deflate
12:04:12.362 [main] DEBUG org.apache.http.wire -  << "HTTP/1.1 200 OK[\r][\n]"
12:04:12.362 [main] DEBUG org.apache.http.wire -  << "content-type: application/json[\r][\n]"
12:04:12.362 [main] DEBUG org.apache.http.wire -  << "date: Sun, 07 May 2023 05:04:13 GMT[\r][\n]"
12:04:12.362 [main] DEBUG org.apache.http.wire -  << "content-encoding: gzip[\r][\n]"
12:04:12.362 [main] DEBUG org.apache.http.wire -  << "transfer-encoding: chunked[\r][\n]"
12:04:12.362 [main] DEBUG org.apache.http.wire -  << "server: Fly/3f2597ca (2023-05-03)[\r][\n]"
12:04:12.362 [main] DEBUG org.apache.http.wire -  << "via: 1.1 fly.io[\r][\n]"
12:04:12.362 [main] DEBUG org.apache.http.wire -  << "fly-request-id: 01GZT9H5S7X2RNVN73CS2QE0A7-sin[\r][\n]"
12:04:12.362 [main] DEBUG org.apache.http.wire -  << "[\r][\n]"
12:04:12.362 [main] DEBUG org.apache.http.impl.conn.DefaultClientConnection - Receiving response: HTTP/1.1 200 OK
12:04:12.363 [main] DEBUG org.apache.http.headers - << HTTP/1.1 200 OK
12:04:12.363 [main] DEBUG org.apache.http.headers - << content-type: application/json
12:04:12.363 [main] DEBUG org.apache.http.headers - << date: Sun, 07 May 2023 05:04:13 GMT
12:04:12.363 [main] DEBUG org.apache.http.headers - << content-encoding: gzip
12:04:12.363 [main] DEBUG org.apache.http.headers - << transfer-encoding: chunked
12:04:12.363 [main] DEBUG org.apache.http.headers - << server: Fly/3f2597ca (2023-05-03)
12:04:12.363 [main] DEBUG org.apache.http.headers - << via: 1.1 fly.io
12:04:12.363 [main] DEBUG org.apache.http.headers - << fly-request-id: 01GZT9H5S7X2RNVN73CS2QE0A7-sin
12:04:12.363 [main] DEBUG org.apache.http.impl.client.DefaultHttpClient - Connection can be kept alive indefinitely
12:04:12.363 [main] DEBUG io.restassured.internal.RestAssuredHttpBuilder - Parsing response as: application/json
12:04:12.363 [main] DEBUG org.apache.http.wire -  << "22[\r][\n]"
12:04:12.363 [main] DEBUG org.apache.http.wire -  << "[0x1f][0x8b][0x8][0x0][0x0][0x0][0x0][0x0][0x4][0xff][0xab]VJI,IT[0xb2][0xca]+[0xcd][0xc9][0xa9][0xe5][0x2][0x0][0xa3][0xab][0x8f]W[0xe][0x0][0x0][0x0]"
12:04:12.363 [main] DEBUG org.apache.http.wire -  << "[\r][\n]"
12:04:12.364 [main] DEBUG org.apache.http.wire -  << "0[\r][\n]"
12:04:12.364 [main] DEBUG org.apache.http.wire -  << "[\r][\n]"
12:04:12.364 [main] DEBUG io.restassured.internal.RestAssuredHttpBuilder - Parsed data to instance of: class org.apache.http.conn.EofSensorInputStream
12:04:12.366 [main] DEBUG org.apache.http.impl.conn.BasicClientConnectionManager - Releasing connection org.apache.http.impl.conn.ManagedClientConnectionImpl@656672fb
12:04:12.366 [main] DEBUG org.apache.http.impl.conn.BasicClientConnectionManager - Connection can be kept alive indefinitely
12:04:12.366 [main] DEBUG net.thucydides.core.steps.StepInterceptor - STEP DONE: I send HTTP api DELETE request for category
  &amp#27;[32mWhen &amp#27;[0m&amp#27;[32mI send HTTP api DELETE request for category&amp#27;[0m                &amp#27;[90m# starter.stepdefinitions.ProductCategorySteps.iSendHTTPApiDELETERequestForCategory()&amp#27;[0m
12:04:12.372 [main] DEBUG net.thucydides.core.steps.StepInterceptor - STARTING STEP: ProductCategorySteps.iReceiveValidHTTPResponseCodeForCategoryDELETE - I receive valid HTTP response code {int} for category DELETE
12:04:12.373 [main] DEBUG net.thucydides.core.steps.StepInterceptor - STEP DONE: I receive valid HTTP response code {int} for category DELETE
  &amp#27;[32mThen &amp#27;[0m&amp#27;[32mI receive valid HTTP response code &amp#27;[0m&amp#27;[32m&amp#27;[1m200&amp#27;[0m&amp#27;[32m for category DELETE&amp#27;[0m &amp#27;[90m# starter.stepdefinitions.ProductCategorySteps.iReceiveValidHTTPResponseCodeForCategoryDELETE(int)&amp#27;[0m
12:04:12.377 [main] INFO  - 
  _____   ___   ___   _____     ___     _     ___   ___   ___   ___  
 |_   _| | __| / __| |_   _|   | _ \   /_\   / __| / __| | __| |   \ 
   | |   | _|  \__ \   | |     |  _/  / _ \  \__ \ \__ \ | _|  | |) |
   |_|   |___| |___/   |_|     |_|   /_/ \_\ |___/ |___/ |___| |___/ 

DELETE category
----------------------------------------------------------------------
]]></system-out>
  </testcase>
</testsuite>